<?xml version="1.0" encoding="UTF-8"?>
<testng-results ignored="0" total="49" passed="49" failed="0" skipped="0">
  <reporter-output>
  </reporter-output>
  <suite started-at="2024-01-25T08:57:49 PST" name="Surefire suite" finished-at="2024-01-25T09:04:15 PST" duration-ms="386039">
    <groups>
      <group name="cucumber">
        <method signature="AbstractTestNGCucumberTests.runScenario(io.cucumber.testng.PickleWrapper,io.cucumber.testng.FeatureWrapper)[pri:0, instance:test_Runner.TestRunner@53045c6c]" name="runScenario" class="io.cucumber.testng.AbstractTestNGCucumberTests"/>
      </group> <!-- cucumber -->
    </groups>
    <test started-at="2024-01-25T08:57:49 PST" name="Surefire test" finished-at="2024-01-25T09:04:15 PST" duration-ms="386039">
      <class name="test_Runner.TestRunner">
        <test-method is-config="true" signature="setUpClass(org.testng.ITestContext)[pri:0, instance:test_Runner.TestRunner@53045c6c]" started-at="2024-01-25T08:57:49 PST" name="setUpClass" finished-at="2024-01-25T08:57:49 PST" duration-ms="909" status="PASS">
          <params>
            <param index="0">
              <value>
                <![CDATA[org.testng.TestRunner@688c1b2a]]>
              </value>
            </param>
          </params>
          <reporter-output>
          </reporter-output>
        </test-method> <!-- setUpClass -->
        <test-method signature="runScenario(io.cucumber.testng.PickleWrapper,io.cucumber.testng.FeatureWrapper)[pri:0, instance:test_Runner.TestRunner@53045c6c]" started-at="2024-01-25T08:57:50 PST" name="runScenario" description="Runs Cucumber Scenarios" data-provider="scenarios" finished-at="2024-01-25T08:58:07 PST" duration-ms="17510" status="PASS">
          <params>
            <param index="0">
              <value>
                <![CDATA["User checks functionalities of the Arrays in Python"]]>
              </value>
            </param>
            <param index="1">
              <value>
                <![CDATA["Verifying the Array functionalities in the DS Algo app"]]>
              </value>
            </param>
          </params>
          <reporter-output>
          </reporter-output>
        </test-method> <!-- runScenario -->
        <test-method signature="runScenario(io.cucumber.testng.PickleWrapper,io.cucumber.testng.FeatureWrapper)[pri:0, instance:test_Runner.TestRunner@53045c6c]" started-at="2024-01-25T08:58:07 PST" name="runScenario" description="Runs Cucumber Scenarios" data-provider="scenarios" finished-at="2024-01-25T08:58:17 PST" duration-ms="10256" status="PASS">
          <params>
            <param index="0">
              <value>
                <![CDATA["User checks the functionalities on the Arrays using list"]]>
              </value>
            </param>
            <param index="1">
              <value>
                <![CDATA["Verifying the Array functionalities in the DS Algo app"]]>
              </value>
            </param>
          </params>
          <reporter-output>
          </reporter-output>
        </test-method> <!-- runScenario -->
        <test-method signature="runScenario(io.cucumber.testng.PickleWrapper,io.cucumber.testng.FeatureWrapper)[pri:0, instance:test_Runner.TestRunner@53045c6c]" started-at="2024-01-25T08:58:17 PST" name="runScenario" description="Runs Cucumber Scenarios" data-provider="scenarios" finished-at="2024-01-25T08:58:26 PST" duration-ms="8554" status="PASS">
          <params>
            <param index="0">
              <value>
                <![CDATA["The user checks the functionalities of the Basic operation list page"]]>
              </value>
            </param>
            <param index="1">
              <value>
                <![CDATA["Verifying the Array functionalities in the DS Algo app"]]>
              </value>
            </param>
          </params>
          <reporter-output>
          </reporter-output>
        </test-method> <!-- runScenario -->
        <test-method signature="runScenario(io.cucumber.testng.PickleWrapper,io.cucumber.testng.FeatureWrapper)[pri:0, instance:test_Runner.TestRunner@53045c6c]" started-at="2024-01-25T08:58:26 PST" name="runScenario" description="Runs Cucumber Scenarios" data-provider="scenarios" finished-at="2024-01-25T08:58:35 PST" duration-ms="8747" status="PASS">
          <params>
            <param index="0">
              <value>
                <![CDATA["The user checks the functionalities of the Appplications of Array page"]]>
              </value>
            </param>
            <param index="1">
              <value>
                <![CDATA["Verifying the Array functionalities in the DS Algo app"]]>
              </value>
            </param>
          </params>
          <reporter-output>
          </reporter-output>
        </test-method> <!-- runScenario -->
        <test-method signature="runScenario(io.cucumber.testng.PickleWrapper,io.cucumber.testng.FeatureWrapper)[pri:0, instance:test_Runner.TestRunner@53045c6c]" started-at="2024-01-25T08:58:35 PST" name="runScenario" description="Runs Cucumber Scenarios" data-provider="scenarios" finished-at="2024-01-25T08:58:45 PST" duration-ms="10598" status="PASS">
          <params>
            <param index="0">
              <value>
                <![CDATA["The user test the Practice sections of the Array page"]]>
              </value>
            </param>
            <param index="1">
              <value>
                <![CDATA["Verifying the Array functionalities in the DS Algo app"]]>
              </value>
            </param>
          </params>
          <reporter-output>
          </reporter-output>
        </test-method> <!-- runScenario -->
        <test-method signature="runScenario(io.cucumber.testng.PickleWrapper,io.cucumber.testng.FeatureWrapper)[pri:0, instance:test_Runner.TestRunner@53045c6c]" started-at="2024-01-25T08:58:45 PST" name="runScenario" description="Runs Cucumber Scenarios" data-provider="scenarios" finished-at="2024-01-25T08:58:56 PST" duration-ms="10384" status="PASS">
          <params>
            <param index="0">
              <value>
                <![CDATA["The user test the Practice sections of the Array page"]]>
              </value>
            </param>
            <param index="1">
              <value>
                <![CDATA["Verifying the Array functionalities in the DS Algo app"]]>
              </value>
            </param>
          </params>
          <reporter-output>
          </reporter-output>
        </test-method> <!-- runScenario -->
        <test-method signature="runScenario(io.cucumber.testng.PickleWrapper,io.cucumber.testng.FeatureWrapper)[pri:0, instance:test_Runner.TestRunner@53045c6c]" started-at="2024-01-25T08:58:56 PST" name="runScenario" description="Runs Cucumber Scenarios" data-provider="scenarios" finished-at="2024-01-25T08:59:07 PST" duration-ms="10835" status="PASS">
          <params>
            <param index="0">
              <value>
                <![CDATA["The user test the Practice sections of the Array page"]]>
              </value>
            </param>
            <param index="1">
              <value>
                <![CDATA["Verifying the Array functionalities in the DS Algo app"]]>
              </value>
            </param>
          </params>
          <reporter-output>
          </reporter-output>
        </test-method> <!-- runScenario -->
        <test-method signature="runScenario(io.cucumber.testng.PickleWrapper,io.cucumber.testng.FeatureWrapper)[pri:0, instance:test_Runner.TestRunner@53045c6c]" started-at="2024-01-25T08:59:07 PST" name="runScenario" description="Runs Cucumber Scenarios" data-provider="scenarios" finished-at="2024-01-25T08:59:17 PST" duration-ms="10717" status="PASS">
          <params>
            <param index="0">
              <value>
                <![CDATA["The user test the Practice sections of the Array page"]]>
              </value>
            </param>
            <param index="1">
              <value>
                <![CDATA["Verifying the Array functionalities in the DS Algo app"]]>
              </value>
            </param>
          </params>
          <reporter-output>
          </reporter-output>
        </test-method> <!-- runScenario -->
        <test-method signature="runScenario(io.cucumber.testng.PickleWrapper,io.cucumber.testng.FeatureWrapper)[pri:0, instance:test_Runner.TestRunner@53045c6c]" started-at="2024-01-25T08:59:17 PST" name="runScenario" description="Runs Cucumber Scenarios" data-provider="scenarios" finished-at="2024-01-25T08:59:24 PST" duration-ms="6702" status="PASS">
          <params>
            <param index="0">
              <value>
                <![CDATA["User navigates to the Data Introduction page"]]>
              </value>
            </param>
            <param index="1">
              <value>
                <![CDATA["The iser in navigating to the Data Introduction page"]]>
              </value>
            </param>
          </params>
          <reporter-output>
          </reporter-output>
        </test-method> <!-- runScenario -->
        <test-method signature="runScenario(io.cucumber.testng.PickleWrapper,io.cucumber.testng.FeatureWrapper)[pri:0, instance:test_Runner.TestRunner@53045c6c]" started-at="2024-01-25T08:59:24 PST" name="runScenario" description="Runs Cucumber Scenarios" data-provider="scenarios" finished-at="2024-01-25T08:59:30 PST" duration-ms="6451" status="PASS">
          <params>
            <param index="0">
              <value>
                <![CDATA["Verifying data structure text box editor with invalid python code"]]>
              </value>
            </param>
            <param index="1">
              <value>
                <![CDATA["The iser in navigating to the Data Introduction page"]]>
              </value>
            </param>
          </params>
          <reporter-output>
          </reporter-output>
        </test-method> <!-- runScenario -->
        <test-method signature="runScenario(io.cucumber.testng.PickleWrapper,io.cucumber.testng.FeatureWrapper)[pri:0, instance:test_Runner.TestRunner@53045c6c]" started-at="2024-01-25T08:59:30 PST" name="runScenario" description="Runs Cucumber Scenarios" data-provider="scenarios" finished-at="2024-01-25T08:59:36 PST" duration-ms="5276" status="PASS">
          <params>
            <param index="0">
              <value>
                <![CDATA["The user is able to navigate to the home page"]]>
              </value>
            </param>
            <param index="1">
              <value>
                <![CDATA["Checking the getstarted button for all the modules"]]>
              </value>
            </param>
          </params>
          <reporter-output>
          </reporter-output>
        </test-method> <!-- runScenario -->
        <test-method signature="runScenario(io.cucumber.testng.PickleWrapper,io.cucumber.testng.FeatureWrapper)[pri:0, instance:test_Runner.TestRunner@53045c6c]" started-at="2024-01-25T08:59:36 PST" name="runScenario" description="Runs Cucumber Scenarios" data-provider="scenarios" finished-at="2024-01-25T08:59:44 PST" duration-ms="8664" status="PASS">
          <params>
            <param index="0">
              <value>
                <![CDATA["User checks the functionality of the Graph"]]>
              </value>
            </param>
            <param index="1">
              <value>
                <![CDATA["The user test the functionalities of the Graph page in the DS Algo application"]]>
              </value>
            </param>
          </params>
          <reporter-output>
          </reporter-output>
        </test-method> <!-- runScenario -->
        <test-method signature="runScenario(io.cucumber.testng.PickleWrapper,io.cucumber.testng.FeatureWrapper)[pri:0, instance:test_Runner.TestRunner@53045c6c]" started-at="2024-01-25T08:59:44 PST" name="runScenario" description="Runs Cucumber Scenarios" data-provider="scenarios" finished-at="2024-01-25T08:59:53 PST" duration-ms="8744" status="PASS">
          <params>
            <param index="0">
              <value>
                <![CDATA["User checks the functionality of the GraphRepresentations"]]>
              </value>
            </param>
            <param index="1">
              <value>
                <![CDATA["The user test the functionalities of the Graph page in the DS Algo application"]]>
              </value>
            </param>
          </params>
          <reporter-output>
          </reporter-output>
        </test-method> <!-- runScenario -->
        <test-method signature="runScenario(io.cucumber.testng.PickleWrapper,io.cucumber.testng.FeatureWrapper)[pri:0, instance:test_Runner.TestRunner@53045c6c]" started-at="2024-01-25T08:59:53 PST" name="runScenario" description="Runs Cucumber Scenarios" data-provider="scenarios" finished-at="2024-01-25T09:00:02 PST" duration-ms="9269" status="PASS">
          <params>
            <param index="0">
              <value>
                <![CDATA["User checks the Introduction functionality of the Linked list Intro page"]]>
              </value>
            </param>
            <param index="1">
              <value>
                <![CDATA["The user test the functionalities of the Linked List page in the DS Algo application"]]>
              </value>
            </param>
          </params>
          <reporter-output>
          </reporter-output>
        </test-method> <!-- runScenario -->
        <test-method signature="runScenario(io.cucumber.testng.PickleWrapper,io.cucumber.testng.FeatureWrapper)[pri:0, instance:test_Runner.TestRunner@53045c6c]" started-at="2024-01-25T09:00:02 PST" name="runScenario" description="Runs Cucumber Scenarios" data-provider="scenarios" finished-at="2024-01-25T09:00:11 PST" duration-ms="9031" status="PASS">
          <params>
            <param index="0">
              <value>
                <![CDATA["User checks the functionality of the creating linked list page"]]>
              </value>
            </param>
            <param index="1">
              <value>
                <![CDATA["The user test the functionalities of the Linked List page in the DS Algo application"]]>
              </value>
            </param>
          </params>
          <reporter-output>
          </reporter-output>
        </test-method> <!-- runScenario -->
        <test-method signature="runScenario(io.cucumber.testng.PickleWrapper,io.cucumber.testng.FeatureWrapper)[pri:0, instance:test_Runner.TestRunner@53045c6c]" started-at="2024-01-25T09:00:11 PST" name="runScenario" description="Runs Cucumber Scenarios" data-provider="scenarios" finished-at="2024-01-25T09:00:20 PST" duration-ms="8766" status="PASS">
          <params>
            <param index="0">
              <value>
                <![CDATA["User checks the functionality of the Types of Linked list page"]]>
              </value>
            </param>
            <param index="1">
              <value>
                <![CDATA["The user test the functionalities of the Linked List page in the DS Algo application"]]>
              </value>
            </param>
          </params>
          <reporter-output>
          </reporter-output>
        </test-method> <!-- runScenario -->
        <test-method signature="runScenario(io.cucumber.testng.PickleWrapper,io.cucumber.testng.FeatureWrapper)[pri:0, instance:test_Runner.TestRunner@53045c6c]" started-at="2024-01-25T09:00:20 PST" name="runScenario" description="Runs Cucumber Scenarios" data-provider="scenarios" finished-at="2024-01-25T09:00:30 PST" duration-ms="9997" status="PASS">
          <params>
            <param index="0">
              <value>
                <![CDATA["User checks the functionality of the Implemented Linked list in python page"]]>
              </value>
            </param>
            <param index="1">
              <value>
                <![CDATA["The user test the functionalities of the Linked List page in the DS Algo application"]]>
              </value>
            </param>
          </params>
          <reporter-output>
          </reporter-output>
        </test-method> <!-- runScenario -->
        <test-method signature="runScenario(io.cucumber.testng.PickleWrapper,io.cucumber.testng.FeatureWrapper)[pri:0, instance:test_Runner.TestRunner@53045c6c]" started-at="2024-01-25T09:00:30 PST" name="runScenario" description="Runs Cucumber Scenarios" data-provider="scenarios" finished-at="2024-01-25T09:00:38 PST" duration-ms="8258" status="PASS">
          <params>
            <param index="0">
              <value>
                <![CDATA["User checks the functionality of the Traveral of Linked list page"]]>
              </value>
            </param>
            <param index="1">
              <value>
                <![CDATA["The user test the functionalities of the Linked List page in the DS Algo application"]]>
              </value>
            </param>
          </params>
          <reporter-output>
          </reporter-output>
        </test-method> <!-- runScenario -->
        <test-method signature="runScenario(io.cucumber.testng.PickleWrapper,io.cucumber.testng.FeatureWrapper)[pri:0, instance:test_Runner.TestRunner@53045c6c]" started-at="2024-01-25T09:00:39 PST" name="runScenario" description="Runs Cucumber Scenarios" data-provider="scenarios" finished-at="2024-01-25T09:00:48 PST" duration-ms="9136" status="PASS">
          <params>
            <param index="0">
              <value>
                <![CDATA["User checks the functionality of the Insertion of Linked list page"]]>
              </value>
            </param>
            <param index="1">
              <value>
                <![CDATA["The user test the functionalities of the Linked List page in the DS Algo application"]]>
              </value>
            </param>
          </params>
          <reporter-output>
          </reporter-output>
        </test-method> <!-- runScenario -->
        <test-method signature="runScenario(io.cucumber.testng.PickleWrapper,io.cucumber.testng.FeatureWrapper)[pri:0, instance:test_Runner.TestRunner@53045c6c]" started-at="2024-01-25T09:00:48 PST" name="runScenario" description="Runs Cucumber Scenarios" data-provider="scenarios" finished-at="2024-01-25T09:00:57 PST" duration-ms="9165" status="PASS">
          <params>
            <param index="0">
              <value>
                <![CDATA["User checks the functionality of the Deletion of Linked list page"]]>
              </value>
            </param>
            <param index="1">
              <value>
                <![CDATA["The user test the functionalities of the Linked List page in the DS Algo application"]]>
              </value>
            </param>
          </params>
          <reporter-output>
          </reporter-output>
        </test-method> <!-- runScenario -->
        <test-method signature="runScenario(io.cucumber.testng.PickleWrapper,io.cucumber.testng.FeatureWrapper)[pri:0, instance:test_Runner.TestRunner@53045c6c]" started-at="2024-01-25T09:00:57 PST" name="runScenario" description="Runs Cucumber Scenarios" data-provider="scenarios" finished-at="2024-01-25T09:01:01 PST" duration-ms="4358" status="PASS">
          <params>
            <param index="0">
              <value>
                <![CDATA["User is trying to login with invalid credentials"]]>
              </value>
            </param>
            <param index="1">
              <value>
                <![CDATA["Log in to the DS-Algo app"]]>
              </value>
            </param>
          </params>
          <reporter-output>
          </reporter-output>
        </test-method> <!-- runScenario -->
        <test-method signature="runScenario(io.cucumber.testng.PickleWrapper,io.cucumber.testng.FeatureWrapper)[pri:0, instance:test_Runner.TestRunner@53045c6c]" started-at="2024-01-25T09:01:01 PST" name="runScenario" description="Runs Cucumber Scenarios" data-provider="scenarios" finished-at="2024-01-25T09:01:05 PST" duration-ms="3888" status="PASS">
          <params>
            <param index="0">
              <value>
                <![CDATA["User is trying to login with invalid credentials"]]>
              </value>
            </param>
            <param index="1">
              <value>
                <![CDATA["Log in to the DS-Algo app"]]>
              </value>
            </param>
          </params>
          <reporter-output>
          </reporter-output>
        </test-method> <!-- runScenario -->
        <test-method signature="runScenario(io.cucumber.testng.PickleWrapper,io.cucumber.testng.FeatureWrapper)[pri:0, instance:test_Runner.TestRunner@53045c6c]" started-at="2024-01-25T09:01:05 PST" name="runScenario" description="Runs Cucumber Scenarios" data-provider="scenarios" finished-at="2024-01-25T09:01:08 PST" duration-ms="3235" status="PASS">
          <params>
            <param index="0">
              <value>
                <![CDATA["User is trying to login with some fields empty"]]>
              </value>
            </param>
            <param index="1">
              <value>
                <![CDATA["Log in to the DS-Algo app"]]>
              </value>
            </param>
          </params>
          <reporter-output>
          </reporter-output>
        </test-method> <!-- runScenario -->
        <test-method signature="runScenario(io.cucumber.testng.PickleWrapper,io.cucumber.testng.FeatureWrapper)[pri:0, instance:test_Runner.TestRunner@53045c6c]" started-at="2024-01-25T09:01:08 PST" name="runScenario" description="Runs Cucumber Scenarios" data-provider="scenarios" finished-at="2024-01-25T09:01:12 PST" duration-ms="3383" status="PASS">
          <params>
            <param index="0">
              <value>
                <![CDATA["User is trying to login with some fields empty"]]>
              </value>
            </param>
            <param index="1">
              <value>
                <![CDATA["Log in to the DS-Algo app"]]>
              </value>
            </param>
          </params>
          <reporter-output>
          </reporter-output>
        </test-method> <!-- runScenario -->
        <test-method signature="runScenario(io.cucumber.testng.PickleWrapper,io.cucumber.testng.FeatureWrapper)[pri:0, instance:test_Runner.TestRunner@53045c6c]" started-at="2024-01-25T09:01:12 PST" name="runScenario" description="Runs Cucumber Scenarios" data-provider="scenarios" finished-at="2024-01-25T09:01:15 PST" duration-ms="3794" status="PASS">
          <params>
            <param index="0">
              <value>
                <![CDATA["User is trying to login with some fields empty"]]>
              </value>
            </param>
            <param index="1">
              <value>
                <![CDATA["Log in to the DS-Algo app"]]>
              </value>
            </param>
          </params>
          <reporter-output>
          </reporter-output>
        </test-method> <!-- runScenario -->
        <test-method signature="runScenario(io.cucumber.testng.PickleWrapper,io.cucumber.testng.FeatureWrapper)[pri:0, instance:test_Runner.TestRunner@53045c6c]" started-at="2024-01-25T09:01:15 PST" name="runScenario" description="Runs Cucumber Scenarios" data-provider="scenarios" finished-at="2024-01-25T09:01:20 PST" duration-ms="4305" status="PASS">
          <params>
            <param index="0">
              <value>
                <![CDATA["User is logging in with valid credentials"]]>
              </value>
            </param>
            <param index="1">
              <value>
                <![CDATA["Log in to the DS-Algo app"]]>
              </value>
            </param>
          </params>
          <reporter-output>
          </reporter-output>
        </test-method> <!-- runScenario -->
        <test-method signature="runScenario(io.cucumber.testng.PickleWrapper,io.cucumber.testng.FeatureWrapper)[pri:0, instance:test_Runner.TestRunner@53045c6c]" started-at="2024-01-25T09:01:20 PST" name="runScenario" description="Runs Cucumber Scenarios" data-provider="scenarios" finished-at="2024-01-25T09:01:28 PST" duration-ms="8556" status="PASS">
          <params>
            <param index="0">
              <value>
                <![CDATA["User checks the functionality of the Implementation of queue in Python page"]]>
              </value>
            </param>
            <param index="1">
              <value>
                <![CDATA["The user test the functionalities of the Queue page in the DS Algo application"]]>
              </value>
            </param>
          </params>
          <reporter-output>
          </reporter-output>
        </test-method> <!-- runScenario -->
        <test-method signature="runScenario(io.cucumber.testng.PickleWrapper,io.cucumber.testng.FeatureWrapper)[pri:0, instance:test_Runner.TestRunner@53045c6c]" started-at="2024-01-25T09:01:28 PST" name="runScenario" description="Runs Cucumber Scenarios" data-provider="scenarios" finished-at="2024-01-25T09:01:37 PST" duration-ms="8424" status="PASS">
          <params>
            <param index="0">
              <value>
                <![CDATA["User checks the functionality of the Implementation using collection.deque page"]]>
              </value>
            </param>
            <param index="1">
              <value>
                <![CDATA["The user test the functionalities of the Queue page in the DS Algo application"]]>
              </value>
            </param>
          </params>
          <reporter-output>
          </reporter-output>
        </test-method> <!-- runScenario -->
        <test-method signature="runScenario(io.cucumber.testng.PickleWrapper,io.cucumber.testng.FeatureWrapper)[pri:0, instance:test_Runner.TestRunner@53045c6c]" started-at="2024-01-25T09:01:37 PST" name="runScenario" description="Runs Cucumber Scenarios" data-provider="scenarios" finished-at="2024-01-25T09:01:46 PST" duration-ms="8774" status="PASS">
          <params>
            <param index="0">
              <value>
                <![CDATA["User checks the functionality of the Implementation using array page"]]>
              </value>
            </param>
            <param index="1">
              <value>
                <![CDATA["The user test the functionalities of the Queue page in the DS Algo application"]]>
              </value>
            </param>
          </params>
          <reporter-output>
          </reporter-output>
        </test-method> <!-- runScenario -->
        <test-method signature="runScenario(io.cucumber.testng.PickleWrapper,io.cucumber.testng.FeatureWrapper)[pri:0, instance:test_Runner.TestRunner@53045c6c]" started-at="2024-01-25T09:01:46 PST" name="runScenario" description="Runs Cucumber Scenarios" data-provider="scenarios" finished-at="2024-01-25T09:01:54 PST" duration-ms="8637" status="PASS">
          <params>
            <param index="0">
              <value>
                <![CDATA["User checks the functionality of the Queue Operations page"]]>
              </value>
            </param>
            <param index="1">
              <value>
                <![CDATA["The user test the functionalities of the Queue page in the DS Algo application"]]>
              </value>
            </param>
          </params>
          <reporter-output>
          </reporter-output>
        </test-method> <!-- runScenario -->
        <test-method signature="runScenario(io.cucumber.testng.PickleWrapper,io.cucumber.testng.FeatureWrapper)[pri:0, instance:test_Runner.TestRunner@53045c6c]" started-at="2024-01-25T09:01:54 PST" name="runScenario" description="Runs Cucumber Scenarios" data-provider="scenarios" finished-at="2024-01-25T09:01:58 PST" duration-ms="3677" status="PASS">
          <params>
            <param index="0">
              <value>
                <![CDATA["Register with invalid credentials to check the error displayed"]]>
              </value>
            </param>
            <param index="1">
              <value>
                <![CDATA["Registering to the DS-Algo app"]]>
              </value>
            </param>
          </params>
          <reporter-output>
          </reporter-output>
        </test-method> <!-- runScenario -->
        <test-method signature="runScenario(io.cucumber.testng.PickleWrapper,io.cucumber.testng.FeatureWrapper)[pri:0, instance:test_Runner.TestRunner@53045c6c]" started-at="2024-01-25T09:01:58 PST" name="runScenario" description="Runs Cucumber Scenarios" data-provider="scenarios" finished-at="2024-01-25T09:02:01 PST" duration-ms="3369" status="PASS">
          <params>
            <param index="0">
              <value>
                <![CDATA["Register with invalid credentials to check the error displayed"]]>
              </value>
            </param>
            <param index="1">
              <value>
                <![CDATA["Registering to the DS-Algo app"]]>
              </value>
            </param>
          </params>
          <reporter-output>
          </reporter-output>
        </test-method> <!-- runScenario -->
        <test-method signature="runScenario(io.cucumber.testng.PickleWrapper,io.cucumber.testng.FeatureWrapper)[pri:0, instance:test_Runner.TestRunner@53045c6c]" started-at="2024-01-25T09:02:01 PST" name="runScenario" description="Runs Cucumber Scenarios" data-provider="scenarios" finished-at="2024-01-25T09:02:05 PST" duration-ms="3925" status="PASS">
          <params>
            <param index="0">
              <value>
                <![CDATA["Register with invalid credentials to check the error displayed"]]>
              </value>
            </param>
            <param index="1">
              <value>
                <![CDATA["Registering to the DS-Algo app"]]>
              </value>
            </param>
          </params>
          <reporter-output>
          </reporter-output>
        </test-method> <!-- runScenario -->
        <test-method signature="runScenario(io.cucumber.testng.PickleWrapper,io.cucumber.testng.FeatureWrapper)[pri:0, instance:test_Runner.TestRunner@53045c6c]" started-at="2024-01-25T09:02:05 PST" name="runScenario" description="Runs Cucumber Scenarios" data-provider="scenarios" finished-at="2024-01-25T09:02:13 PST" duration-ms="8210" status="PASS">
          <params>
            <param index="0">
              <value>
                <![CDATA["User checks the functionality of the Operations in stack page"]]>
              </value>
            </param>
            <param index="1">
              <value>
                <![CDATA["The user test the functionalities of the Stack page in the DS Algo application"]]>
              </value>
            </param>
          </params>
          <reporter-output>
          </reporter-output>
        </test-method> <!-- runScenario -->
        <test-method signature="runScenario(io.cucumber.testng.PickleWrapper,io.cucumber.testng.FeatureWrapper)[pri:0, instance:test_Runner.TestRunner@53045c6c]" started-at="2024-01-25T09:02:13 PST" name="runScenario" description="Runs Cucumber Scenarios" data-provider="scenarios" finished-at="2024-01-25T09:02:22 PST" duration-ms="8127" status="PASS">
          <params>
            <param index="0">
              <value>
                <![CDATA["User checks the functionality of the Implementaion in stack page"]]>
              </value>
            </param>
            <param index="1">
              <value>
                <![CDATA["The user test the functionalities of the Stack page in the DS Algo application"]]>
              </value>
            </param>
          </params>
          <reporter-output>
          </reporter-output>
        </test-method> <!-- runScenario -->
        <test-method signature="runScenario(io.cucumber.testng.PickleWrapper,io.cucumber.testng.FeatureWrapper)[pri:0, instance:test_Runner.TestRunner@53045c6c]" started-at="2024-01-25T09:02:22 PST" name="runScenario" description="Runs Cucumber Scenarios" data-provider="scenarios" finished-at="2024-01-25T09:02:29 PST" duration-ms="7610" status="PASS">
          <params>
            <param index="0">
              <value>
                <![CDATA["User checks the functionality of the Applications in stack page"]]>
              </value>
            </param>
            <param index="1">
              <value>
                <![CDATA["The user test the functionalities of the Stack page in the DS Algo application"]]>
              </value>
            </param>
          </params>
          <reporter-output>
          </reporter-output>
        </test-method> <!-- runScenario -->
        <test-method signature="runScenario(io.cucumber.testng.PickleWrapper,io.cucumber.testng.FeatureWrapper)[pri:0, instance:test_Runner.TestRunner@53045c6c]" started-at="2024-01-25T09:02:29 PST" name="runScenario" description="Runs Cucumber Scenarios" data-provider="scenarios" finished-at="2024-01-25T09:02:37 PST" duration-ms="7948" status="PASS">
          <params>
            <param index="0">
              <value>
                <![CDATA["User checks the functionality of the Overview of Trees"]]>
              </value>
            </param>
            <param index="1">
              <value>
                <![CDATA["The user test the functionalities of the Stack page in the DS Algo application"]]>
              </value>
            </param>
          </params>
          <reporter-output>
          </reporter-output>
        </test-method> <!-- runScenario -->
        <test-method signature="runScenario(io.cucumber.testng.PickleWrapper,io.cucumber.testng.FeatureWrapper)[pri:0, instance:test_Runner.TestRunner@53045c6c]" started-at="2024-01-25T09:02:37 PST" name="runScenario" description="Runs Cucumber Scenarios" data-provider="scenarios" finished-at="2024-01-25T09:02:45 PST" duration-ms="7915" status="PASS">
          <params>
            <param index="0">
              <value>
                <![CDATA["User checks the functionality of the Terminologies link in Tree"]]>
              </value>
            </param>
            <param index="1">
              <value>
                <![CDATA["The user test the functionalities of the Stack page in the DS Algo application"]]>
              </value>
            </param>
          </params>
          <reporter-output>
          </reporter-output>
        </test-method> <!-- runScenario -->
        <test-method signature="runScenario(io.cucumber.testng.PickleWrapper,io.cucumber.testng.FeatureWrapper)[pri:0, instance:test_Runner.TestRunner@53045c6c]" started-at="2024-01-25T09:02:45 PST" name="runScenario" description="Runs Cucumber Scenarios" data-provider="scenarios" finished-at="2024-01-25T09:02:53 PST" duration-ms="8400" status="PASS">
          <params>
            <param index="0">
              <value>
                <![CDATA["User checks the functionality of the Types of Trees"]]>
              </value>
            </param>
            <param index="1">
              <value>
                <![CDATA["The user test the functionalities of the Stack page in the DS Algo application"]]>
              </value>
            </param>
          </params>
          <reporter-output>
          </reporter-output>
        </test-method> <!-- runScenario -->
        <test-method signature="runScenario(io.cucumber.testng.PickleWrapper,io.cucumber.testng.FeatureWrapper)[pri:0, instance:test_Runner.TestRunner@53045c6c]" started-at="2024-01-25T09:02:53 PST" name="runScenario" description="Runs Cucumber Scenarios" data-provider="scenarios" finished-at="2024-01-25T09:03:02 PST" duration-ms="8265" status="PASS">
          <params>
            <param index="0">
              <value>
                <![CDATA["User checks the functionality of the TreeTraversals in Trees"]]>
              </value>
            </param>
            <param index="1">
              <value>
                <![CDATA["The user test the functionalities of the Stack page in the DS Algo application"]]>
              </value>
            </param>
          </params>
          <reporter-output>
          </reporter-output>
        </test-method> <!-- runScenario -->
        <test-method signature="runScenario(io.cucumber.testng.PickleWrapper,io.cucumber.testng.FeatureWrapper)[pri:0, instance:test_Runner.TestRunner@53045c6c]" started-at="2024-01-25T09:03:02 PST" name="runScenario" description="Runs Cucumber Scenarios" data-provider="scenarios" finished-at="2024-01-25T09:03:10 PST" duration-ms="8335" status="PASS">
          <params>
            <param index="0">
              <value>
                <![CDATA["User checks the functionality of the TraversalsIllustration in Trees"]]>
              </value>
            </param>
            <param index="1">
              <value>
                <![CDATA["The user test the functionalities of the Stack page in the DS Algo application"]]>
              </value>
            </param>
          </params>
          <reporter-output>
          </reporter-output>
        </test-method> <!-- runScenario -->
        <test-method signature="runScenario(io.cucumber.testng.PickleWrapper,io.cucumber.testng.FeatureWrapper)[pri:0, instance:test_Runner.TestRunner@53045c6c]" started-at="2024-01-25T09:03:10 PST" name="runScenario" description="Runs Cucumber Scenarios" data-provider="scenarios" finished-at="2024-01-25T09:03:18 PST" duration-ms="7948" status="PASS">
          <params>
            <param index="0">
              <value>
                <![CDATA["User checks the functionality of the BinaryTrees in Trees"]]>
              </value>
            </param>
            <param index="1">
              <value>
                <![CDATA["The user test the functionalities of the Stack page in the DS Algo application"]]>
              </value>
            </param>
          </params>
          <reporter-output>
          </reporter-output>
        </test-method> <!-- runScenario -->
        <test-method signature="runScenario(io.cucumber.testng.PickleWrapper,io.cucumber.testng.FeatureWrapper)[pri:0, instance:test_Runner.TestRunner@53045c6c]" started-at="2024-01-25T09:03:18 PST" name="runScenario" description="Runs Cucumber Scenarios" data-provider="scenarios" finished-at="2024-01-25T09:03:26 PST" duration-ms="7949" status="PASS">
          <params>
            <param index="0">
              <value>
                <![CDATA["User checks the functionality of the TypesofBinaryTrees in Trees"]]>
              </value>
            </param>
            <param index="1">
              <value>
                <![CDATA["The user test the functionalities of the Stack page in the DS Algo application"]]>
              </value>
            </param>
          </params>
          <reporter-output>
          </reporter-output>
        </test-method> <!-- runScenario -->
        <test-method signature="runScenario(io.cucumber.testng.PickleWrapper,io.cucumber.testng.FeatureWrapper)[pri:0, instance:test_Runner.TestRunner@53045c6c]" started-at="2024-01-25T09:03:26 PST" name="runScenario" description="Runs Cucumber Scenarios" data-provider="scenarios" finished-at="2024-01-25T09:03:34 PST" duration-ms="8269" status="PASS">
          <params>
            <param index="0">
              <value>
                <![CDATA["User checks the functionality of the ImplementationinPython in Trees"]]>
              </value>
            </param>
            <param index="1">
              <value>
                <![CDATA["The user test the functionalities of the Stack page in the DS Algo application"]]>
              </value>
            </param>
          </params>
          <reporter-output>
          </reporter-output>
        </test-method> <!-- runScenario -->
        <test-method signature="runScenario(io.cucumber.testng.PickleWrapper,io.cucumber.testng.FeatureWrapper)[pri:0, instance:test_Runner.TestRunner@53045c6c]" started-at="2024-01-25T09:03:34 PST" name="runScenario" description="Runs Cucumber Scenarios" data-provider="scenarios" finished-at="2024-01-25T09:03:42 PST" duration-ms="7966" status="PASS">
          <params>
            <param index="0">
              <value>
                <![CDATA["User checks the functionality of the BinaryTreeTraversals in Trees"]]>
              </value>
            </param>
            <param index="1">
              <value>
                <![CDATA["The user test the functionalities of the Stack page in the DS Algo application"]]>
              </value>
            </param>
          </params>
          <reporter-output>
          </reporter-output>
        </test-method> <!-- runScenario -->
        <test-method signature="runScenario(io.cucumber.testng.PickleWrapper,io.cucumber.testng.FeatureWrapper)[pri:0, instance:test_Runner.TestRunner@53045c6c]" started-at="2024-01-25T09:03:42 PST" name="runScenario" description="Runs Cucumber Scenarios" data-provider="scenarios" finished-at="2024-01-25T09:03:50 PST" duration-ms="7918" status="PASS">
          <params>
            <param index="0">
              <value>
                <![CDATA["User checks the functionality of the ImplementationofBinaryTrees in Trees"]]>
              </value>
            </param>
            <param index="1">
              <value>
                <![CDATA["The user test the functionalities of the Stack page in the DS Algo application"]]>
              </value>
            </param>
          </params>
          <reporter-output>
          </reporter-output>
        </test-method> <!-- runScenario -->
        <test-method signature="runScenario(io.cucumber.testng.PickleWrapper,io.cucumber.testng.FeatureWrapper)[pri:0, instance:test_Runner.TestRunner@53045c6c]" started-at="2024-01-25T09:03:50 PST" name="runScenario" description="Runs Cucumber Scenarios" data-provider="scenarios" finished-at="2024-01-25T09:03:58 PST" duration-ms="7752" status="PASS">
          <params>
            <param index="0">
              <value>
                <![CDATA["User checks the functionality of the ApplicationsofBinaryTrees in Trees"]]>
              </value>
            </param>
            <param index="1">
              <value>
                <![CDATA["The user test the functionalities of the Stack page in the DS Algo application"]]>
              </value>
            </param>
          </params>
          <reporter-output>
          </reporter-output>
        </test-method> <!-- runScenario -->
        <test-method signature="runScenario(io.cucumber.testng.PickleWrapper,io.cucumber.testng.FeatureWrapper)[pri:0, instance:test_Runner.TestRunner@53045c6c]" started-at="2024-01-25T09:03:58 PST" name="runScenario" description="Runs Cucumber Scenarios" data-provider="scenarios" finished-at="2024-01-25T09:04:06 PST" duration-ms="8237" status="PASS">
          <params>
            <param index="0">
              <value>
                <![CDATA["User checks the functionality of the BinarySearchTrees in Trees"]]>
              </value>
            </param>
            <param index="1">
              <value>
                <![CDATA["The user test the functionalities of the Stack page in the DS Algo application"]]>
              </value>
            </param>
          </params>
          <reporter-output>
          </reporter-output>
        </test-method> <!-- runScenario -->
        <test-method signature="runScenario(io.cucumber.testng.PickleWrapper,io.cucumber.testng.FeatureWrapper)[pri:0, instance:test_Runner.TestRunner@53045c6c]" started-at="2024-01-25T09:04:06 PST" name="runScenario" description="Runs Cucumber Scenarios" data-provider="scenarios" finished-at="2024-01-25T09:04:14 PST" duration-ms="8325" status="PASS">
          <params>
            <param index="0">
              <value>
                <![CDATA["User checks the functionality of the ImplementationofBST in Trees"]]>
              </value>
            </param>
            <param index="1">
              <value>
                <![CDATA["The user test the functionalities of the Stack page in the DS Algo application"]]>
              </value>
            </param>
          </params>
          <reporter-output>
          </reporter-output>
        </test-method> <!-- runScenario -->
        <test-method is-config="true" signature="tearDownClass()[pri:0, instance:test_Runner.TestRunner@53045c6c]" started-at="2024-01-25T09:04:14 PST" name="tearDownClass" finished-at="2024-01-25T09:04:15 PST" duration-ms="183" status="PASS">
          <reporter-output>
          </reporter-output>
        </test-method> <!-- tearDownClass -->
      </class> <!-- test_Runner.TestRunner -->
    </test> <!-- Surefire test -->
  </suite> <!-- Surefire suite -->
</testng-results>
