<?xml version="1.0" encoding="UTF-8"?>
<testsuite xmlns:xsi="http://www.w3.org/2001/XMLSchema-instance" xsi:noNamespaceSchemaLocation="https://maven.apache.org/surefire/maven-surefire-plugin/xsd/surefire-test-report-3.0.xsd" version="3.0" name="test_Runner.TestRunner" time="299.899" tests="49" errors="0" skipped="0" failures="0">
  <properties>
[...]
</properties>
  <testcase name="runScenario[&quot;User checks functionalities of the Arrays in Python&quot;, &quot;Verifying the Array functionalities in the DS Algo app&quot;](1)" classname="test_Runner.TestRunner" time="9.07">
    <system-out><![CDATA[
@Array @all @Array_01 @all
Scenario Outline: User checks functionalities of the Arrays in Python                     &amp#27;[90m# src/test/resources/DS_Feature/Array.feature:19&amp#27;[0m
  &amp#27;[32mGiven &amp#27;[0m&amp#27;[32mUser is on the DS Algo portal and click on the get started button&amp#27;[0m                 &amp#27;[90m# stepdefinitions_DS.DS_Array_Steps.user_is_on_the_ds_algo_portal_and_click_on_the_get_started_button()&amp#27;[0m
  &amp#27;[32mThen &amp#27;[0m&amp#27;[32mUser clicks on the sign in link&amp#27;[0m                                                    &amp#27;[90m# stepdefinitions_DS.DS_Array_Steps.user_clicks_on_the_sign_in_link()&amp#27;[0m
  &amp#27;[32mWhen &amp#27;[0m&amp#27;[32mUser is on the login page, user enters the valid email id and password&amp#27;[0m             &amp#27;[90m# stepdefinitions_DS.DS_Array_Steps.user_is_on_the_login_page_user_enters_the_valid_email_id_and_password()&amp#27;[0m
  &amp#27;[32mThen &amp#27;[0m&amp#27;[32mIn the home page user clicks the get started button of Array&amp#27;[0m                       &amp#27;[90m# stepdefinitions_DS.DS_Array_Steps.in_the_home_page_user_clicks_the_get_started_button_of_array()&amp#27;[0m
  &amp#27;[32mWhen &amp#27;[0m&amp#27;[32mUser clicks on the Arrays in Python link&amp#27;[0m                                           &amp#27;[90m# stepdefinitions_DS.DS_Array_Steps.user_clicks_on_the_arrays_in_python_link()&amp#27;[0m
  &amp#27;[32mThen &amp#27;[0m&amp#27;[32mUser navigates to the try editor page&amp#27;[0m                                              &amp#27;[90m# stepdefinitions_DS.DS_Array_Steps.user_navigates_to_the_try_editor_page()&amp#27;[0m
  &amp#27;[32mAnd &amp#27;[0m&amp#27;[32mUser enter the valid python code in the tryeditor from sheet &amp#27;[0m&amp#27;[32m&amp#27;[1m"Data"&amp#27;[0m&amp#27;[32m and rownumber &amp#27;[0m&amp#27;[32m&amp#27;[1m2&amp#27;[0m &amp#27;[90m# stepdefinitions_DS.DS_Array_Steps.user_enter_the_valid_python_code_in_the_tryeditor_from_sheet_and_rownumber(java.lang.String,java.lang.Integer)&amp#27;[0m
The output is: ['Dhiviya', 'Surya', 'Josia', 'Rathna']
  &amp#27;[32mThen &amp#27;[0m&amp#27;[32mUser should get the correct output&amp#27;[0m                                                 &amp#27;[90m# stepdefinitions_DS.DS_Array_Steps.user_should_get_the_correct_output()&amp#27;[0m
]]></system-out>
    <system-err><![CDATA[SLF4J(W): No SLF4J providers were found.
SLF4J(W): Defaulting to no-operation (NOP) logger implementation
SLF4J(W): See https://www.slf4j.org/codes.html#noProviders for further details.
]]></system-err>
  </testcase>
  <testcase name="runScenario[&quot;User checks the functionalities on the Arrays using list&quot;, &quot;Verifying the Array functionalities in the DS Algo app&quot;](2)" classname="test_Runner.TestRunner" time="6.414">
    <system-out><![CDATA[
@Array @all @Array_02 @all
Scenario Outline: User checks the functionalities on the Arrays using list                    &amp#27;[90m# src/test/resources/DS_Feature/Array.feature:30&amp#27;[0m
  &amp#27;[32mGiven &amp#27;[0m&amp#27;[32mUser is on the DS Algo portal and click on the get started button&amp#27;[0m                     &amp#27;[90m# stepdefinitions_DS.DS_Array_Steps.user_is_on_the_ds_algo_portal_and_click_on_the_get_started_button()&amp#27;[0m
  &amp#27;[32mThen &amp#27;[0m&amp#27;[32mUser clicks on the sign in link&amp#27;[0m                                                        &amp#27;[90m# stepdefinitions_DS.DS_Array_Steps.user_clicks_on_the_sign_in_link()&amp#27;[0m
  &amp#27;[32mWhen &amp#27;[0m&amp#27;[32mUser is on the login page, user enters the valid email id and password&amp#27;[0m                 &amp#27;[90m# stepdefinitions_DS.DS_Array_Steps.user_is_on_the_login_page_user_enters_the_valid_email_id_and_password()&amp#27;[0m
  &amp#27;[32mThen &amp#27;[0m&amp#27;[32mIn the home page user clicks the get started button of Array&amp#27;[0m                           &amp#27;[90m# stepdefinitions_DS.DS_Array_Steps.in_the_home_page_user_clicks_the_get_started_button_of_array()&amp#27;[0m
  &amp#27;[32mWhen &amp#27;[0m&amp#27;[32mUser clicks on the Arrays using list link&amp#27;[0m                                              &amp#27;[90m# stepdefinitions_DS.DS_Array_Steps.user_clicks_on_the_arrays_using_list_link()&amp#27;[0m
  &amp#27;[32mThen &amp#27;[0m&amp#27;[32mUser navigates to the try editor page&amp#27;[0m                                                  &amp#27;[90m# stepdefinitions_DS.DS_Array_Steps.user_navigates_to_the_try_editor_page()&amp#27;[0m
  &amp#27;[32mAnd &amp#27;[0m&amp#27;[32mThe User enter the valid python code in the tryeditor from sheet &amp#27;[0m&amp#27;[32m&amp#27;[1m"Data"&amp#27;[0m&amp#27;[32m and rownumber &amp#27;[0m&amp#27;[32m&amp#27;[1m3&amp#27;[0m &amp#27;[90m# stepdefinitions_DS.DS_Array_Steps.the_user_enter_the_valid_python_code_in_the_tryeditor_from_sheet_and_rownumber(java.lang.String,java.lang.Integer)&amp#27;[0m
The output is: The sum of 1.5 and 6.3 is 7.8
  &amp#27;[32mAnd &amp#27;[0m&amp#27;[32mUser should get the correct output&amp#27;[0m                                                      &amp#27;[90m# stepdefinitions_DS.DS_Array_Steps.user_should_get_the_correct_output()&amp#27;[0m
]]></system-out>
  </testcase>
  <testcase name="runScenario[&quot;The user checks the functionalities of the Basic operation list page&quot;, &quot;Verifying the Array functionalities in the DS Algo app&quot;](3)" classname="test_Runner.TestRunner" time="6.356">
    <system-out><![CDATA[
@Array @all @Array_03 @all
Scenario Outline: The user checks the functionalities of the Basic operation list page        &amp#27;[90m# src/test/resources/DS_Feature/Array.feature:41&amp#27;[0m
  &amp#27;[32mGiven &amp#27;[0m&amp#27;[32mUser is on the DS Algo portal and click on the get started button&amp#27;[0m                     &amp#27;[90m# stepdefinitions_DS.DS_Array_Steps.user_is_on_the_ds_algo_portal_and_click_on_the_get_started_button()&amp#27;[0m
  &amp#27;[32mThen &amp#27;[0m&amp#27;[32mUser clicks on the sign in link&amp#27;[0m                                                        &amp#27;[90m# stepdefinitions_DS.DS_Array_Steps.user_clicks_on_the_sign_in_link()&amp#27;[0m
  &amp#27;[32mWhen &amp#27;[0m&amp#27;[32mUser is on the login page, user enters the valid email id and password&amp#27;[0m                 &amp#27;[90m# stepdefinitions_DS.DS_Array_Steps.user_is_on_the_login_page_user_enters_the_valid_email_id_and_password()&amp#27;[0m
  &amp#27;[32mThen &amp#27;[0m&amp#27;[32mIn the home page user clicks the get started button of Array&amp#27;[0m                           &amp#27;[90m# stepdefinitions_DS.DS_Array_Steps.in_the_home_page_user_clicks_the_get_started_button_of_array()&amp#27;[0m
  &amp#27;[32mWhen &amp#27;[0m&amp#27;[32mUser clicks on the Basic opertaion list page&amp#27;[0m                                           &amp#27;[90m# stepdefinitions_DS.DS_Array_Steps.user_clicks_on_the_basic_opertaion_list_page()&amp#27;[0m
  &amp#27;[32mThen &amp#27;[0m&amp#27;[32mUser navigates to the try editor page&amp#27;[0m                                                  &amp#27;[90m# stepdefinitions_DS.DS_Array_Steps.user_navigates_to_the_try_editor_page()&amp#27;[0m
  &amp#27;[32mAnd &amp#27;[0m&amp#27;[32mUser enter the valid python code from sheet &amp#27;[0m&amp#27;[32m&amp#27;[1m"Data"&amp#27;[0m&amp#27;[32m and rownumber &amp#27;[0m&amp#27;[32m&amp#27;[1m4&amp#27;[0m&amp#27;[32m in to the try editor&amp#27;[0m &amp#27;[90m# stepdefinitions_DS.DS_Array_Steps.user_enter_the_valid_python_code_from_sheet_and_rownumber_in_to_the_try_editor(java.lang.String,java.lang.Integer)&amp#27;[0m
The output is: ('Sum of the array is ', 34)
  &amp#27;[32mAnd &amp#27;[0m&amp#27;[32mUser should get the correct output&amp#27;[0m                                                      &amp#27;[90m# stepdefinitions_DS.DS_Array_Steps.user_should_get_the_correct_output()&amp#27;[0m
]]></system-out>
  </testcase>
  <testcase name="runScenario[&quot;The user checks the functionalities of the Appplications of Array page&quot;, &quot;Verifying the Array functionalities in the DS Algo app&quot;](4)" classname="test_Runner.TestRunner" time="6.56">
    <system-out><![CDATA[
@Array @all @Array_04 @all
Scenario Outline: The user checks the functionalities of the Appplications of Array page       &amp#27;[90m# src/test/resources/DS_Feature/Array.feature:52&amp#27;[0m
  &amp#27;[32mGiven &amp#27;[0m&amp#27;[32mUser is on the DS Algo portal and click on the get started button&amp#27;[0m                      &amp#27;[90m# stepdefinitions_DS.DS_Array_Steps.user_is_on_the_ds_algo_portal_and_click_on_the_get_started_button()&amp#27;[0m
  &amp#27;[32mThen &amp#27;[0m&amp#27;[32mUser clicks on the sign in link&amp#27;[0m                                                         &amp#27;[90m# stepdefinitions_DS.DS_Array_Steps.user_clicks_on_the_sign_in_link()&amp#27;[0m
  &amp#27;[32mWhen &amp#27;[0m&amp#27;[32mUser is on the login page, user enters the valid email id and password&amp#27;[0m                  &amp#27;[90m# stepdefinitions_DS.DS_Array_Steps.user_is_on_the_login_page_user_enters_the_valid_email_id_and_password()&amp#27;[0m
  &amp#27;[32mThen &amp#27;[0m&amp#27;[32mIn the home page user clicks the get started button of Array&amp#27;[0m                            &amp#27;[90m# stepdefinitions_DS.DS_Array_Steps.in_the_home_page_user_clicks_the_get_started_button_of_array()&amp#27;[0m
  &amp#27;[32mWhen &amp#27;[0m&amp#27;[32mUser clicks on the Applications of Array link&amp#27;[0m                                           &amp#27;[90m# stepdefinitions_DS.DS_Array_Steps.user_clicks_on_the_applications_of_array_link()&amp#27;[0m
  &amp#27;[32mThen &amp#27;[0m&amp#27;[32mUser navigates to the try editor page&amp#27;[0m                                                   &amp#27;[90m# stepdefinitions_DS.DS_Array_Steps.user_navigates_to_the_try_editor_page()&amp#27;[0m
  &amp#27;[32mAnd &amp#27;[0m&amp#27;[32mUser enters the valid python code from sheet &amp#27;[0m&amp#27;[32m&amp#27;[1m"Data"&amp#27;[0m&amp#27;[32m and rownumber &amp#27;[0m&amp#27;[32m&amp#27;[1m4&amp#27;[0m&amp#27;[32m in to the try editor&amp#27;[0m &amp#27;[90m# stepdefinitions_DS.DS_Array_Steps.user_enters_the_valid_python_code_from_sheet_and_rownumber_in_to_the_try_editor(java.lang.String,java.lang.Integer)&amp#27;[0m
The output is: ('Sum of the array is ', 34)
  &amp#27;[32mAnd &amp#27;[0m&amp#27;[32mUser should get the correct output&amp#27;[0m                                                       &amp#27;[90m# stepdefinitions_DS.DS_Array_Steps.user_should_get_the_correct_output()&amp#27;[0m
]]></system-out>
  </testcase>
  <testcase name="runScenario[&quot;The user test the Practice sections of the Array page&quot;, &quot;Verifying the Array functionalities in the DS Algo app&quot;](5)" classname="test_Runner.TestRunner" time="9.201">
    <system-out><![CDATA[
@Array @all @Array_05 @all
Scenario Outline: The user test the Practice sections of the Array page                        &amp#27;[90m# src/test/resources/DS_Feature/Array.feature:64&amp#27;[0m
  &amp#27;[32mGiven &amp#27;[0m&amp#27;[32mUser is on the DS Algo portal and click on the get started button&amp#27;[0m                      &amp#27;[90m# stepdefinitions_DS.DS_Array_Steps.user_is_on_the_ds_algo_portal_and_click_on_the_get_started_button()&amp#27;[0m
  &amp#27;[32mThen &amp#27;[0m&amp#27;[32mUser clicks on the sign in link&amp#27;[0m                                                         &amp#27;[90m# stepdefinitions_DS.DS_Array_Steps.user_clicks_on_the_sign_in_link()&amp#27;[0m
  &amp#27;[32mWhen &amp#27;[0m&amp#27;[32mUser is on the login page, user enters the valid email id and password&amp#27;[0m                  &amp#27;[90m# stepdefinitions_DS.DS_Array_Steps.user_is_on_the_login_page_user_enters_the_valid_email_id_and_password()&amp#27;[0m
  &amp#27;[32mThen &amp#27;[0m&amp#27;[32mIn the home page user clicks the get started button of Array&amp#27;[0m                            &amp#27;[90m# stepdefinitions_DS.DS_Array_Steps.in_the_home_page_user_clicks_the_get_started_button_of_array()&amp#27;[0m
  &amp#27;[32mWhen &amp#27;[0m&amp#27;[32mUser clicks on the Arrays in Python link&amp#27;[0m                                                &amp#27;[90m# stepdefinitions_DS.DS_Array_Steps.user_clicks_on_the_arrays_in_python_link()&amp#27;[0m
  &amp#27;[32mThen &amp#27;[0m&amp#27;[32mUser click on the Practice question link&amp#27;[0m                                                &amp#27;[90m# stepdefinitions_DS.DS_Array_Steps.user_click_on_the_practice_question_link()&amp#27;[0m
  &amp#27;[32mAnd &amp#27;[0m&amp#27;[32mUser selects the search the array practice question&amp#27;[0m                                      &amp#27;[90m# stepdefinitions_DS.DS_Array_Steps.user_selects_the_search_the_array_practice_question()&amp#27;[0m
  &amp#27;[32mAnd &amp#27;[0m&amp#27;[32mUser enters the valid python code from sheet &amp#27;[0m&amp#27;[32m&amp#27;[1m"Data"&amp#27;[0m&amp#27;[32m and rownumber &amp#27;[0m&amp#27;[32m&amp#27;[1m5&amp#27;[0m&amp#27;[32m in to the try editor&amp#27;[0m &amp#27;[90m# stepdefinitions_DS.DS_Array_Steps.user_enters_the_valid_python_code_from_sheet_and_rownumber_in_to_the_try_editor(java.lang.String,java.lang.Integer)&amp#27;[0m
The output is: 
  &amp#27;[32mAnd &amp#27;[0m&amp#27;[32mUser should get the correct output&amp#27;[0m                                                       &amp#27;[90m# stepdefinitions_DS.DS_Array_Steps.user_should_get_the_correct_output()&amp#27;[0m
]]></system-out>
  </testcase>
  <testcase name="runScenario[&quot;The user test the Practice sections of the Array page&quot;, &quot;Verifying the Array functionalities in the DS Algo app&quot;](6)" classname="test_Runner.TestRunner" time="8.538">
    <system-out><![CDATA[
@Array @all @Array_06 @all
Scenario Outline: The user test the Practice sections of the Array page                        &amp#27;[90m# src/test/resources/DS_Feature/Array.feature:76&amp#27;[0m
  &amp#27;[32mGiven &amp#27;[0m&amp#27;[32mUser is on the DS Algo portal and click on the get started button&amp#27;[0m                      &amp#27;[90m# stepdefinitions_DS.DS_Array_Steps.user_is_on_the_ds_algo_portal_and_click_on_the_get_started_button()&amp#27;[0m
  &amp#27;[32mThen &amp#27;[0m&amp#27;[32mUser clicks on the sign in link&amp#27;[0m                                                         &amp#27;[90m# stepdefinitions_DS.DS_Array_Steps.user_clicks_on_the_sign_in_link()&amp#27;[0m
  &amp#27;[32mWhen &amp#27;[0m&amp#27;[32mUser is on the login page, user enters the valid email id and password&amp#27;[0m                  &amp#27;[90m# stepdefinitions_DS.DS_Array_Steps.user_is_on_the_login_page_user_enters_the_valid_email_id_and_password()&amp#27;[0m
  &amp#27;[32mThen &amp#27;[0m&amp#27;[32mIn the home page user clicks the get started button of Array&amp#27;[0m                            &amp#27;[90m# stepdefinitions_DS.DS_Array_Steps.in_the_home_page_user_clicks_the_get_started_button_of_array()&amp#27;[0m
  &amp#27;[32mWhen &amp#27;[0m&amp#27;[32mUser clicks on the Arrays in Python link&amp#27;[0m                                                &amp#27;[90m# stepdefinitions_DS.DS_Array_Steps.user_clicks_on_the_arrays_in_python_link()&amp#27;[0m
  &amp#27;[32mThen &amp#27;[0m&amp#27;[32mUser click on the Practice question link&amp#27;[0m                                                &amp#27;[90m# stepdefinitions_DS.DS_Array_Steps.user_click_on_the_practice_question_link()&amp#27;[0m
  &amp#27;[32mAnd &amp#27;[0m&amp#27;[32mUser selects the Max consecutive ones practice question&amp#27;[0m                                  &amp#27;[90m# stepdefinitions_DS.DS_Array_Steps.user_selects_the_max_consecutive_ones_practice_question()&amp#27;[0m
  &amp#27;[32mAnd &amp#27;[0m&amp#27;[32mUser enters the valid python code from sheet &amp#27;[0m&amp#27;[32m&amp#27;[1m"Data"&amp#27;[0m&amp#27;[32m and rownumber &amp#27;[0m&amp#27;[32m&amp#27;[1m5&amp#27;[0m&amp#27;[32m in to the try editor&amp#27;[0m &amp#27;[90m# stepdefinitions_DS.DS_Array_Steps.user_enters_the_valid_python_code_from_sheet_and_rownumber_in_to_the_try_editor(java.lang.String,java.lang.Integer)&amp#27;[0m
The output is: 
  &amp#27;[32mAnd &amp#27;[0m&amp#27;[32mUser should get the correct output&amp#27;[0m                                                       &amp#27;[90m# stepdefinitions_DS.DS_Array_Steps.user_should_get_the_correct_output()&amp#27;[0m
]]></system-out>
  </testcase>
  <testcase name="runScenario[&quot;The user test the Practice sections of the Array page&quot;, &quot;Verifying the Array functionalities in the DS Algo app&quot;](7)" classname="test_Runner.TestRunner" time="8.586">
    <system-out><![CDATA[
@Array @all @Array_07 @all
Scenario Outline: The user test the Practice sections of the Array page                        &amp#27;[90m# src/test/resources/DS_Feature/Array.feature:88&amp#27;[0m
  &amp#27;[32mGiven &amp#27;[0m&amp#27;[32mUser is on the DS Algo portal and click on the get started button&amp#27;[0m                      &amp#27;[90m# stepdefinitions_DS.DS_Array_Steps.user_is_on_the_ds_algo_portal_and_click_on_the_get_started_button()&amp#27;[0m
  &amp#27;[32mThen &amp#27;[0m&amp#27;[32mUser clicks on the sign in link&amp#27;[0m                                                         &amp#27;[90m# stepdefinitions_DS.DS_Array_Steps.user_clicks_on_the_sign_in_link()&amp#27;[0m
  &amp#27;[32mWhen &amp#27;[0m&amp#27;[32mUser is on the login page, user enters the valid email id and password&amp#27;[0m                  &amp#27;[90m# stepdefinitions_DS.DS_Array_Steps.user_is_on_the_login_page_user_enters_the_valid_email_id_and_password()&amp#27;[0m
  &amp#27;[32mThen &amp#27;[0m&amp#27;[32mIn the home page user clicks the get started button of Array&amp#27;[0m                            &amp#27;[90m# stepdefinitions_DS.DS_Array_Steps.in_the_home_page_user_clicks_the_get_started_button_of_array()&amp#27;[0m
  &amp#27;[32mWhen &amp#27;[0m&amp#27;[32mUser clicks on the Arrays in Python link&amp#27;[0m                                                &amp#27;[90m# stepdefinitions_DS.DS_Array_Steps.user_clicks_on_the_arrays_in_python_link()&amp#27;[0m
  &amp#27;[32mThen &amp#27;[0m&amp#27;[32mUser click on the Practice question link&amp#27;[0m                                                &amp#27;[90m# stepdefinitions_DS.DS_Array_Steps.user_click_on_the_practice_question_link()&amp#27;[0m
  &amp#27;[32mAnd &amp#27;[0m&amp#27;[32mUser selects the Find number with Even number of digits practice question&amp#27;[0m                &amp#27;[90m# stepdefinitions_DS.DS_Array_Steps.user_selects_the_find_number_with_even_number_of_digits_practice_question()&amp#27;[0m
  &amp#27;[32mAnd &amp#27;[0m&amp#27;[32mUser enters the valid python code from sheet &amp#27;[0m&amp#27;[32m&amp#27;[1m"Data"&amp#27;[0m&amp#27;[32m and rownumber &amp#27;[0m&amp#27;[32m&amp#27;[1m5&amp#27;[0m&amp#27;[32m in to the try editor&amp#27;[0m &amp#27;[90m# stepdefinitions_DS.DS_Array_Steps.user_enters_the_valid_python_code_from_sheet_and_rownumber_in_to_the_try_editor(java.lang.String,java.lang.Integer)&amp#27;[0m
The output is: 
  &amp#27;[32mAnd &amp#27;[0m&amp#27;[32mUser should get the correct output&amp#27;[0m                                                       &amp#27;[90m# stepdefinitions_DS.DS_Array_Steps.user_should_get_the_correct_output()&amp#27;[0m
]]></system-out>
  </testcase>
  <testcase name="runScenario[&quot;The user test the Practice sections of the Array page&quot;, &quot;Verifying the Array functionalities in the DS Algo app&quot;](8)" classname="test_Runner.TestRunner" time="8.994">
    <system-out><![CDATA[
@Array @all @Array_08 @all
Scenario Outline: The user test the Practice sections of the Array page                        &amp#27;[90m# src/test/resources/DS_Feature/Array.feature:100&amp#27;[0m
  &amp#27;[32mGiven &amp#27;[0m&amp#27;[32mUser is on the DS Algo portal and click on the get started button&amp#27;[0m                      &amp#27;[90m# stepdefinitions_DS.DS_Array_Steps.user_is_on_the_ds_algo_portal_and_click_on_the_get_started_button()&amp#27;[0m
  &amp#27;[32mThen &amp#27;[0m&amp#27;[32mUser clicks on the sign in link&amp#27;[0m                                                         &amp#27;[90m# stepdefinitions_DS.DS_Array_Steps.user_clicks_on_the_sign_in_link()&amp#27;[0m
  &amp#27;[32mWhen &amp#27;[0m&amp#27;[32mUser is on the login page, user enters the valid email id and password&amp#27;[0m                  &amp#27;[90m# stepdefinitions_DS.DS_Array_Steps.user_is_on_the_login_page_user_enters_the_valid_email_id_and_password()&amp#27;[0m
  &amp#27;[32mThen &amp#27;[0m&amp#27;[32mIn the home page user clicks the get started button of Array&amp#27;[0m                            &amp#27;[90m# stepdefinitions_DS.DS_Array_Steps.in_the_home_page_user_clicks_the_get_started_button_of_array()&amp#27;[0m
  &amp#27;[32mWhen &amp#27;[0m&amp#27;[32mUser clicks on the Arrays in Python link&amp#27;[0m                                                &amp#27;[90m# stepdefinitions_DS.DS_Array_Steps.user_clicks_on_the_arrays_in_python_link()&amp#27;[0m
  &amp#27;[32mThen &amp#27;[0m&amp#27;[32mUser click on the Practice question link&amp#27;[0m                                                &amp#27;[90m# stepdefinitions_DS.DS_Array_Steps.user_click_on_the_practice_question_link()&amp#27;[0m
  &amp#27;[32mAnd &amp#27;[0m&amp#27;[32mUser selects the squares of the sorted array practice question&amp#27;[0m                           &amp#27;[90m# stepdefinitions_DS.DS_Array_Steps.user_selects_the_squares_of_the_sorted_array_practice_question()&amp#27;[0m
  &amp#27;[32mAnd &amp#27;[0m&amp#27;[32mUser enters the valid python code from sheet &amp#27;[0m&amp#27;[32m&amp#27;[1m"Data"&amp#27;[0m&amp#27;[32m and rownumber &amp#27;[0m&amp#27;[32m&amp#27;[1m5&amp#27;[0m&amp#27;[32m in to the try editor&amp#27;[0m &amp#27;[90m# stepdefinitions_DS.DS_Array_Steps.user_enters_the_valid_python_code_from_sheet_and_rownumber_in_to_the_try_editor(java.lang.String,java.lang.Integer)&amp#27;[0m
The output is: 
  &amp#27;[32mAnd &amp#27;[0m&amp#27;[32mUser should get the correct output&amp#27;[0m                                                       &amp#27;[90m# stepdefinitions_DS.DS_Array_Steps.user_should_get_the_correct_output()&amp#27;[0m
]]></system-out>
  </testcase>
  <testcase name="runScenario[&quot;User navigates to the Data Introduction page&quot;, &quot;The iser in navigating to the Data Introduction page&quot;](9)" classname="test_Runner.TestRunner" time="5.865">
    <system-out><![CDATA[
@DataIntro
Scenario: User navigates to the Data Introduction page                  &amp#27;[90m# src/test/resources/DS_Feature/DataIntro.feature:5&amp#27;[0m
  &amp#27;[32mGiven &amp#27;[0m&amp#27;[32mThe user is already logged in and is on the homepage&amp#27;[0m            &amp#27;[90m# stepdefinitions_DS.DS_DataIntro_Steps.the_user_is_already_logged_in_and_is_on_the_homepage()&amp#27;[0m
  &amp#27;[32mWhen &amp#27;[0m&amp#27;[32mUser clicks the get started button&amp#27;[0m                               &amp#27;[90m# stepdefinitions_DS.DS_DataIntro_Steps.user_clicks_the_get_started_button()&amp#27;[0m
  &amp#27;[32mAnd &amp#27;[0m&amp#27;[32mClicks on the times complexity button&amp#27;[0m                             &amp#27;[90m# stepdefinitions_DS.DS_DataIntro_Steps.clicks_on_the_times_complexity_button()&amp#27;[0m
  &amp#27;[32mThen &amp#27;[0m&amp#27;[32mUser click the Try here button, user is taken to the coding page&amp#27;[0m &amp#27;[90m# stepdefinitions_DS.DS_DataIntro_Steps.user_click_the_try_here_button_user_is_taken_to_the_coding_page()&amp#27;[0m
*********Getting data**********
  &amp#27;[32mWhen &amp#27;[0m&amp#27;[32mUser enters the Python code from xlsheet&amp#27;[0m                         &amp#27;[90m# stepdefinitions_DS.DS_DataIntro_Steps.user_enters_the_python_code_from_xlsheet()&amp#27;[0m
  &amp#27;[32mAnd &amp#27;[0m&amp#27;[32mUser clicks on the run button&amp#27;[0m                                     &amp#27;[90m# stepdefinitions_DS.DS_DataIntro_Steps.user_clicks_on_the_run_button()&amp#27;[0m
The output of the python code isHello World
  &amp#27;[32mThen &amp#27;[0m&amp#27;[32mUser can see the the output printed&amp#27;[0m                              &amp#27;[90m# stepdefinitions_DS.DS_DataIntro_Steps.user_can_see_the_the_output_printed()&amp#27;[0m
]]></system-out>
  </testcase>
  <testcase name="runScenario[&quot;Verifying data structure text box editor with invalid python code&quot;, &quot;The iser in navigating to the Data Introduction page&quot;](10)" classname="test_Runner.TestRunner" time="5.627">
    <system-out><![CDATA[
@DataIntro
Scenario Outline: Verifying data structure text box editor with invalid python code &amp#27;[90m# src/test/resources/DS_Feature/DataIntro.feature:25&amp#27;[0m
  &amp#27;[32mGiven &amp#27;[0m&amp#27;[32mThe user is already logged in and is on the homepage&amp#27;[0m                        &amp#27;[90m# stepdefinitions_DS.DS_DataIntro_Steps.the_user_is_already_logged_in_and_is_on_the_homepage()&amp#27;[0m
  &amp#27;[32mWhen &amp#27;[0m&amp#27;[32mUser clicks the get started button&amp#27;[0m                                           &amp#27;[90m# stepdefinitions_DS.DS_DataIntro_Steps.user_clicks_the_get_started_button()&amp#27;[0m
  &amp#27;[32mAnd &amp#27;[0m&amp#27;[32mClicks on the times complexity button&amp#27;[0m                                         &amp#27;[90m# stepdefinitions_DS.DS_DataIntro_Steps.clicks_on_the_times_complexity_button()&amp#27;[0m
  &amp#27;[32mThen &amp#27;[0m&amp#27;[32mUser click the Try here button, user is taken to the coding page&amp#27;[0m             &amp#27;[90m# stepdefinitions_DS.DS_DataIntro_Steps.user_click_the_try_here_button_user_is_taken_to_the_coding_page()&amp#27;[0m
  &amp#27;[32mWhen &amp#27;[0m&amp#27;[32mUser enters the invalid Python code from xlsheet &amp#27;[0m&amp#27;[32m&amp#27;[1m"Data"&amp#27;[0m&amp#27;[32m and rownum &amp#27;[0m&amp#27;[32m&amp#27;[1m1&amp#27;[0m         &amp#27;[90m# stepdefinitions_DS.DS_DataIntro_Steps.user_enters_the_invalid_python_code_from_xlsheet_and_rownum(java.lang.String,java.lang.Integer)&amp#27;[0m
  &amp#27;[32mAnd &amp#27;[0m&amp#27;[32mUser clicks on the run button&amp#27;[0m                                                 &amp#27;[90m# stepdefinitions_DS.DS_DataIntro_Steps.user_clicks_on_the_run_button()&amp#27;[0m
  &amp#27;[32mThen &amp#27;[0m&amp#27;[32mOutput should be blank&amp#27;[0m                                                       &amp#27;[90m# stepdefinitions_DS.DS_DataIntro_Steps.output_should_be_blank()&amp#27;[0m
]]></system-out>
  </testcase>
  <testcase name="runScenario[&quot;The user is able to navigate to the home page&quot;, &quot;Checking the getstarted button for all the modules&quot;](11)" classname="test_Runner.TestRunner" time="5.013">
    <system-out><![CDATA[
Scenario: The user is able to navigate to the home page                                                                    &amp#27;[90m# src/test/resources/DS_Feature/GetStartedPage.feature:3&amp#27;[0m
DS-Algo app opened
  &amp#27;[32mGiven &amp#27;[0m&amp#27;[32mUser is opens the DS-Algo app&amp#27;[0m                                                                                      &amp#27;[90m# stepdefinitions_DS.DS_GetSarted_Steps.user_is_opens_the_ds_algo_app()&amp#27;[0m
  &amp#27;[32mWhen &amp#27;[0m&amp#27;[32mUser clicks on the Get Started button&amp#27;[0m                                                                               &amp#27;[90m# stepdefinitions_DS.DS_GetSarted_Steps.user_clicks_on_the_get_started_button()&amp#27;[0m
  &amp#27;[32mThen &amp#27;[0m&amp#27;[32mUser is able to view the home page&amp#27;[0m                                                                                  &amp#27;[90m# stepdefinitions_DS.DS_GetSarted_Steps.user_is_able_to_view_the_home_page()&amp#27;[0m
  &amp#27;[32mWhen &amp#27;[0m&amp#27;[32mUser clicks on the Data Intorduction get started button then the customer is able to see the Data Introduction pgae&amp#27;[0m &amp#27;[90m# stepdefinitions_DS.DS_GetSarted_Steps.user_clicks_on_the_data_intorduction_get_started_button_then_the_customer_is_able_to_see_the_data_introduction_pgae()&amp#27;[0m
  &amp#27;[32mThen &amp#27;[0m&amp#27;[32mUser click the Array get started button use can see the Array page&amp#27;[0m                                                  &amp#27;[90m# stepdefinitions_DS.DS_GetSarted_Steps.user_click_the_array_get_started_button_use_can_see_the_array_page()&amp#27;[0m
  &amp#27;[32mThen &amp#27;[0m&amp#27;[32mUser clicks on the Linked list get started buttom and user can see the Linked list page&amp#27;[0m                             &amp#27;[90m# stepdefinitions_DS.DS_GetSarted_Steps.user_clicks_on_the_linked_list_get_started_buttom_and_user_can_see_the_linked_list_page()&amp#27;[0m
  &amp#27;[32mAnd &amp#27;[0m&amp#27;[32mUser Clicks on the Queue get started button and user can view the Queue page&amp#27;[0m                                         &amp#27;[90m# stepdefinitions_DS.DS_GetSarted_Steps.user_clicks_on_the_queue_get_started_button_and_user_can_view_the_queue_page()&amp#27;[0m
  &amp#27;[32mAnd &amp#27;[0m&amp#27;[32mUser Clicks on the Trees get started button and user can view the Trees page&amp#27;[0m                                         &amp#27;[90m# stepdefinitions_DS.DS_GetSarted_Steps.user_clicks_on_the_Trees_get_started_button_and_user_can_view_the_queue_page()&amp#27;[0m
  &amp#27;[32mAnd &amp#27;[0m&amp#27;[32mUser clicks on the Graph link get started button and user can view the graph page&amp#27;[0m                                    &amp#27;[90m# stepdefinitions_DS.DS_GetSarted_Steps.user_clicks_on_the_graph_link_get_started_button_and_user_can_view_the_graph_page()&amp#27;[0m
]]></system-out>
  </testcase>
  <testcase name="runScenario[&quot;User checks the functionality of the Graph&quot;, &quot;The user test the functionalities of the Graph page in the DS Algo application&quot;](12)" classname="test_Runner.TestRunner" time="5.957">
    <system-out><![CDATA[
Scenario Outline: User checks the functionality of the Graph                                                      &amp#27;[90m# src/test/resources/DS_Feature/Graph.feature:17&amp#27;[0m
  &amp#27;[32mGiven &amp#27;[0m&amp#27;[32mUser is on the DS Algo portal and click on the get started button&amp#27;[0m                                         &amp#27;[90m# stepdefinitions_DS.DS_Array_Steps.user_is_on_the_ds_algo_portal_and_click_on_the_get_started_button()&amp#27;[0m
  &amp#27;[32mThen &amp#27;[0m&amp#27;[32mUser clicks on the sign in link&amp#27;[0m                                                                            &amp#27;[90m# stepdefinitions_DS.DS_Array_Steps.user_clicks_on_the_sign_in_link()&amp#27;[0m
  &amp#27;[32mWhen &amp#27;[0m&amp#27;[32mUser is on the login page, user enters the valid email id and password&amp#27;[0m                                     &amp#27;[90m# stepdefinitions_DS.DS_Array_Steps.user_is_on_the_login_page_user_enters_the_valid_email_id_and_password()&amp#27;[0m
  &amp#27;[32mAnd &amp#27;[0m&amp#27;[32mUser clicks on the Graph Get started button and user is on the Graph page&amp#27;[0m                                   &amp#27;[90m# stepdefinitions_DS.DS_Graph_Steps.user_clicks_on_the_graph_get_started_button_and_user_can_view_the_graph_page()&amp#27;[0m
  &amp#27;[32mWhen &amp#27;[0m&amp#27;[32mUser clicks on the Graph and user is in that page&amp#27;[0m                                                          &amp#27;[90m# stepdefinitions_DS.DS_Graph_Steps.user_clicks_on_the_graph_and_user_is_in_that_page()&amp#27;[0m
  &amp#27;[32mAnd &amp#27;[0m&amp#27;[32mUser click on the try here button to go to try&amp#27;[0m                                                              &amp#27;[90m# stepdefinitions_DS.DS_Graph_Steps.user_click_on_the_try_here_button_to_go_to_try()&amp#27;[0m
  &amp#27;[32mThen &amp#27;[0m&amp#27;[32mUser inputs the valid python code in the text editor box from the Excel sheet sheet &amp#27;[0m&amp#27;[32m&amp#27;[1m"Data"&amp#27;[0m&amp#27;[32m and rownumber &amp#27;[0m&amp#27;[32m&amp#27;[1m3&amp#27;[0m &amp#27;[90m# stepdefinitions_DS.DS_Graph_Steps.user_inputs_the_valid_python_code_in_the_text_editor_box_from_the_excel_sheet_sheet_and_rownumber(java.lang.String,java.lang.Integer)&amp#27;[0m
The output is: The sum of 1.5 and 6.3 is 7.8
  &amp#27;[32mThen &amp#27;[0m&amp#27;[32mUser should get the correct output&amp#27;[0m                                                                         &amp#27;[90m# stepdefinitions_DS.DS_Array_Steps.user_should_get_the_correct_output()&amp#27;[0m
]]></system-out>
  </testcase>
  <testcase name="runScenario[&quot;User checks the functionality of the GraphRepresentations&quot;, &quot;The user test the functionalities of the Graph page in the DS Algo application&quot;](13)" classname="test_Runner.TestRunner" time="6.827">
    <system-out><![CDATA[
Scenario Outline: User checks the functionality of the GraphRepresentations                                       &amp#27;[90m# src/test/resources/DS_Feature/Graph.feature:27&amp#27;[0m
  &amp#27;[32mGiven &amp#27;[0m&amp#27;[32mUser is on the DS Algo portal and click on the get started button&amp#27;[0m                                         &amp#27;[90m# stepdefinitions_DS.DS_Array_Steps.user_is_on_the_ds_algo_portal_and_click_on_the_get_started_button()&amp#27;[0m
  &amp#27;[32mThen &amp#27;[0m&amp#27;[32mUser clicks on the sign in link&amp#27;[0m                                                                            &amp#27;[90m# stepdefinitions_DS.DS_Array_Steps.user_clicks_on_the_sign_in_link()&amp#27;[0m
  &amp#27;[32mWhen &amp#27;[0m&amp#27;[32mUser is on the login page, user enters the valid email id and password&amp#27;[0m                                     &amp#27;[90m# stepdefinitions_DS.DS_Array_Steps.user_is_on_the_login_page_user_enters_the_valid_email_id_and_password()&amp#27;[0m
  &amp#27;[32mAnd &amp#27;[0m&amp#27;[32mUser clicks on the Graph Get started button and user is on the Graph page&amp#27;[0m                                   &amp#27;[90m# stepdefinitions_DS.DS_Graph_Steps.user_clicks_on_the_graph_get_started_button_and_user_can_view_the_graph_page()&amp#27;[0m
  &amp#27;[32mWhen &amp#27;[0m&amp#27;[32mUser clicks on the GraphRepresentations and user is in that page&amp#27;[0m                                           &amp#27;[90m# stepdefinitions_DS.DS_Graph_Steps.user_clicks_on_the_graph_representations_and_user_is_in_that_page()&amp#27;[0m
  &amp#27;[32mAnd &amp#27;[0m&amp#27;[32mUser click on the try here button to go to try&amp#27;[0m                                                              &amp#27;[90m# stepdefinitions_DS.DS_Graph_Steps.user_click_on_the_try_here_button_to_go_to_try()&amp#27;[0m
  &amp#27;[32mThen &amp#27;[0m&amp#27;[32mUser inputs the valid python code in the text editor box from the Excel sheet sheet &amp#27;[0m&amp#27;[32m&amp#27;[1m"Data"&amp#27;[0m&amp#27;[32m and rownumber &amp#27;[0m&amp#27;[32m&amp#27;[1m3&amp#27;[0m &amp#27;[90m# stepdefinitions_DS.DS_Graph_Steps.user_inputs_the_valid_python_code_in_the_text_editor_box_from_the_excel_sheet_sheet_and_rownumber(java.lang.String,java.lang.Integer)&amp#27;[0m
The output is: The sum of 1.5 and 6.3 is 7.8
  &amp#27;[32mThen &amp#27;[0m&amp#27;[32mUser should get the correct output&amp#27;[0m                                                                         &amp#27;[90m# stepdefinitions_DS.DS_Array_Steps.user_should_get_the_correct_output()&amp#27;[0m
]]></system-out>
  </testcase>
  <testcase name="runScenario[&quot;User checks the Introduction functionality of the Linked list Intro page&quot;, &quot;The user test the functionalities of the Linked List page in the DS Algo application&quot;](14)" classname="test_Runner.TestRunner" time="7.206">
    <system-out><![CDATA[
Scenario Outline: User checks the Introduction functionality of the Linked list Intro page                  &amp#27;[90m# src/test/resources/DS_Feature/LinkedList.feature:17&amp#27;[0m
  &amp#27;[32mGiven &amp#27;[0m&amp#27;[32mUser is on the DS Algo portal and click on the get started button&amp#27;[0m                                   &amp#27;[90m# stepdefinitions_DS.DS_Array_Steps.user_is_on_the_ds_algo_portal_and_click_on_the_get_started_button()&amp#27;[0m
  &amp#27;[32mThen &amp#27;[0m&amp#27;[32mUser clicks on the sign in link&amp#27;[0m                                                                      &amp#27;[90m# stepdefinitions_DS.DS_Array_Steps.user_clicks_on_the_sign_in_link()&amp#27;[0m
  &amp#27;[32mWhen &amp#27;[0m&amp#27;[32mUser is on the login page, user enters the valid email id and password&amp#27;[0m                               &amp#27;[90m# stepdefinitions_DS.DS_Array_Steps.user_is_on_the_login_page_user_enters_the_valid_email_id_and_password()&amp#27;[0m
  &amp#27;[32mAnd &amp#27;[0m&amp#27;[32mUser clicks on the Linked List Get started page to open the linked list page&amp#27;[0m                          &amp#27;[90m# stepdefinitions_DS.DS_LinkedList_Steps.user_clicks_on_the_linked_list_Get_started_page_to_open_the_linked_list_page()&amp#27;[0m
  &amp#27;[32mWhen &amp#27;[0m&amp#27;[32mUser clicks on the Introductions link and clicks on the try here button&amp#27;[0m                              &amp#27;[90m# stepdefinitions_DS.DS_LinkedList_Steps.user_clicks_on_the_introductions_link_and_clicks_on_the_try_here_button()&amp#27;[0m
  &amp#27;[32mThen &amp#27;[0m&amp#27;[32mUser inputs the valid python code in the text editor box from the excel sheet &amp#27;[0m&amp#27;[32m&amp#27;[1m"Data"&amp#27;[0m&amp#27;[32m and rownumber &amp#27;[0m&amp#27;[32m&amp#27;[1m3&amp#27;[0m &amp#27;[90m# stepdefinitions_DS.DS_LinkedList_Steps.user_inputs_the_valid_python_code_in_the_text_editor_box_from_the_excel_sheet_and_rownumber(java.lang.String,java.lang.Integer)&amp#27;[0m
The output is: The sum of 1.5 and 6.3 is 7.8
  &amp#27;[32mThen &amp#27;[0m&amp#27;[32mUser should get the correct output&amp#27;[0m                                                                   &amp#27;[90m# stepdefinitions_DS.DS_Array_Steps.user_should_get_the_correct_output()&amp#27;[0m
]]></system-out>
  </testcase>
  <testcase name="runScenario[&quot;User checks the functionality of the creating linked list page&quot;, &quot;The user test the functionalities of the Linked List page in the DS Algo application&quot;](15)" classname="test_Runner.TestRunner" time="6.69">
    <system-out><![CDATA[
Scenario Outline: User checks the functionality of the creating linked list page                            &amp#27;[90m# src/test/resources/DS_Feature/LinkedList.feature:26&amp#27;[0m
  &amp#27;[32mGiven &amp#27;[0m&amp#27;[32mUser is on the DS Algo portal and click on the get started button&amp#27;[0m                                   &amp#27;[90m# stepdefinitions_DS.DS_Array_Steps.user_is_on_the_ds_algo_portal_and_click_on_the_get_started_button()&amp#27;[0m
  &amp#27;[32mThen &amp#27;[0m&amp#27;[32mUser clicks on the sign in link&amp#27;[0m                                                                      &amp#27;[90m# stepdefinitions_DS.DS_Array_Steps.user_clicks_on_the_sign_in_link()&amp#27;[0m
  &amp#27;[32mWhen &amp#27;[0m&amp#27;[32mUser is on the login page, user enters the valid email id and password&amp#27;[0m                               &amp#27;[90m# stepdefinitions_DS.DS_Array_Steps.user_is_on_the_login_page_user_enters_the_valid_email_id_and_password()&amp#27;[0m
  &amp#27;[32mAnd &amp#27;[0m&amp#27;[32mUser clicks on the Linked List Get started page to open the linked list page&amp#27;[0m                          &amp#27;[90m# stepdefinitions_DS.DS_LinkedList_Steps.user_clicks_on_the_linked_list_Get_started_page_to_open_the_linked_list_page()&amp#27;[0m
  &amp#27;[32mWhen &amp#27;[0m&amp#27;[32mUser clicks on the Creating linked list link and clicks on the try here button&amp#27;[0m                       &amp#27;[90m# stepdefinitions_DS.DS_LinkedList_Steps.user_clicks_on_the_creating_linked_list_link_and_clicks_on_the_try_here_button()&amp#27;[0m
  &amp#27;[32mThen &amp#27;[0m&amp#27;[32mUser inputs the valid python code in the text editor box from the excel sheet &amp#27;[0m&amp#27;[32m&amp#27;[1m"Data"&amp#27;[0m&amp#27;[32m and rownumber &amp#27;[0m&amp#27;[32m&amp#27;[1m3&amp#27;[0m &amp#27;[90m# stepdefinitions_DS.DS_LinkedList_Steps.user_inputs_the_valid_python_code_in_the_text_editor_box_from_the_excel_sheet_and_rownumber(java.lang.String,java.lang.Integer)&amp#27;[0m
The output is: The sum of 1.5 and 6.3 is 7.8
  &amp#27;[32mThen &amp#27;[0m&amp#27;[32mUser should get the correct output&amp#27;[0m                                                                   &amp#27;[90m# stepdefinitions_DS.DS_Array_Steps.user_should_get_the_correct_output()&amp#27;[0m
]]></system-out>
  </testcase>
  <testcase name="runScenario[&quot;User checks the functionality of the Types of Linked list page&quot;, &quot;The user test the functionalities of the Linked List page in the DS Algo application&quot;](16)" classname="test_Runner.TestRunner" time="6.777">
    <system-out><![CDATA[
Scenario Outline: User checks the functionality of the Types of Linked list page                            &amp#27;[90m# src/test/resources/DS_Feature/LinkedList.feature:35&amp#27;[0m
  &amp#27;[32mGiven &amp#27;[0m&amp#27;[32mUser is on the DS Algo portal and click on the get started button&amp#27;[0m                                   &amp#27;[90m# stepdefinitions_DS.DS_Array_Steps.user_is_on_the_ds_algo_portal_and_click_on_the_get_started_button()&amp#27;[0m
  &amp#27;[32mThen &amp#27;[0m&amp#27;[32mUser clicks on the sign in link&amp#27;[0m                                                                      &amp#27;[90m# stepdefinitions_DS.DS_Array_Steps.user_clicks_on_the_sign_in_link()&amp#27;[0m
  &amp#27;[32mWhen &amp#27;[0m&amp#27;[32mUser is on the login page, user enters the valid email id and password&amp#27;[0m                               &amp#27;[90m# stepdefinitions_DS.DS_Array_Steps.user_is_on_the_login_page_user_enters_the_valid_email_id_and_password()&amp#27;[0m
  &amp#27;[32mAnd &amp#27;[0m&amp#27;[32mUser clicks on the Linked List Get started page to open the linked list page&amp#27;[0m                          &amp#27;[90m# stepdefinitions_DS.DS_LinkedList_Steps.user_clicks_on_the_linked_list_Get_started_page_to_open_the_linked_list_page()&amp#27;[0m
  &amp#27;[32mWhen &amp#27;[0m&amp#27;[32mUser clicks on the Types of Linked list link and clicks on the try here button&amp#27;[0m                       &amp#27;[90m# stepdefinitions_DS.DS_LinkedList_Steps.user_clicks_on_the_types_of_linked_list_link_and_clicks_on_the_try_here_button()&amp#27;[0m
  &amp#27;[32mThen &amp#27;[0m&amp#27;[32mUser inputs the valid python code in the text editor box from the excel sheet &amp#27;[0m&amp#27;[32m&amp#27;[1m"Data"&amp#27;[0m&amp#27;[32m and rownumber &amp#27;[0m&amp#27;[32m&amp#27;[1m3&amp#27;[0m &amp#27;[90m# stepdefinitions_DS.DS_LinkedList_Steps.user_inputs_the_valid_python_code_in_the_text_editor_box_from_the_excel_sheet_and_rownumber(java.lang.String,java.lang.Integer)&amp#27;[0m
The output is: The sum of 1.5 and 6.3 is 7.8
  &amp#27;[32mThen &amp#27;[0m&amp#27;[32mUser should get the correct output&amp#27;[0m                                                                   &amp#27;[90m# stepdefinitions_DS.DS_Array_Steps.user_should_get_the_correct_output()&amp#27;[0m
]]></system-out>
  </testcase>
  <testcase name="runScenario[&quot;User checks the functionality of the Implemented Linked list in python page&quot;, &quot;The user test the functionalities of the Linked List page in the DS Algo application&quot;](17)" classname="test_Runner.TestRunner" time="6.668">
    <system-out><![CDATA[
Scenario Outline: User checks the functionality of the Implemented Linked list in python page               &amp#27;[90m# src/test/resources/DS_Feature/LinkedList.feature:44&amp#27;[0m
  &amp#27;[32mGiven &amp#27;[0m&amp#27;[32mUser is on the DS Algo portal and click on the get started button&amp#27;[0m                                   &amp#27;[90m# stepdefinitions_DS.DS_Array_Steps.user_is_on_the_ds_algo_portal_and_click_on_the_get_started_button()&amp#27;[0m
  &amp#27;[32mThen &amp#27;[0m&amp#27;[32mUser clicks on the sign in link&amp#27;[0m                                                                      &amp#27;[90m# stepdefinitions_DS.DS_Array_Steps.user_clicks_on_the_sign_in_link()&amp#27;[0m
  &amp#27;[32mWhen &amp#27;[0m&amp#27;[32mUser is on the login page, user enters the valid email id and password&amp#27;[0m                               &amp#27;[90m# stepdefinitions_DS.DS_Array_Steps.user_is_on_the_login_page_user_enters_the_valid_email_id_and_password()&amp#27;[0m
  &amp#27;[32mAnd &amp#27;[0m&amp#27;[32mUser clicks on the Linked List Get started page to open the linked list page&amp#27;[0m                          &amp#27;[90m# stepdefinitions_DS.DS_LinkedList_Steps.user_clicks_on_the_linked_list_Get_started_page_to_open_the_linked_list_page()&amp#27;[0m
  &amp#27;[32mWhen &amp#27;[0m&amp#27;[32mUser clicks on the Implemented Linked list in python  link and clicks on the try here button&amp#27;[0m         &amp#27;[90m# stepdefinitions_DS.DS_LinkedList_Steps.user_clicks_on_the_implemented_linked_list_in_python_link_and_clicks_on_the_try_here_button()&amp#27;[0m
  &amp#27;[32mThen &amp#27;[0m&amp#27;[32mUser inputs the valid python code in the text editor box from the excel sheet &amp#27;[0m&amp#27;[32m&amp#27;[1m"Data"&amp#27;[0m&amp#27;[32m and rownumber &amp#27;[0m&amp#27;[32m&amp#27;[1m3&amp#27;[0m &amp#27;[90m# stepdefinitions_DS.DS_LinkedList_Steps.user_inputs_the_valid_python_code_in_the_text_editor_box_from_the_excel_sheet_and_rownumber(java.lang.String,java.lang.Integer)&amp#27;[0m
The output is: The sum of 1.5 and 6.3 is 7.8
  &amp#27;[32mThen &amp#27;[0m&amp#27;[32mUser should get the correct output&amp#27;[0m                                                                   &amp#27;[90m# stepdefinitions_DS.DS_Array_Steps.user_should_get_the_correct_output()&amp#27;[0m
]]></system-out>
  </testcase>
  <testcase name="runScenario[&quot;User checks the functionality of the Traveral of Linked list page&quot;, &quot;The user test the functionalities of the Linked List page in the DS Algo application&quot;](18)" classname="test_Runner.TestRunner" time="7.427">
    <system-out><![CDATA[
Scenario Outline: User checks the functionality of the Traveral of Linked list page                         &amp#27;[90m# src/test/resources/DS_Feature/LinkedList.feature:53&amp#27;[0m
  &amp#27;[32mGiven &amp#27;[0m&amp#27;[32mUser is on the DS Algo portal and click on the get started button&amp#27;[0m                                   &amp#27;[90m# stepdefinitions_DS.DS_Array_Steps.user_is_on_the_ds_algo_portal_and_click_on_the_get_started_button()&amp#27;[0m
  &amp#27;[32mThen &amp#27;[0m&amp#27;[32mUser clicks on the sign in link&amp#27;[0m                                                                      &amp#27;[90m# stepdefinitions_DS.DS_Array_Steps.user_clicks_on_the_sign_in_link()&amp#27;[0m
  &amp#27;[32mWhen &amp#27;[0m&amp#27;[32mUser is on the login page, user enters the valid email id and password&amp#27;[0m                               &amp#27;[90m# stepdefinitions_DS.DS_Array_Steps.user_is_on_the_login_page_user_enters_the_valid_email_id_and_password()&amp#27;[0m
  &amp#27;[32mAnd &amp#27;[0m&amp#27;[32mUser clicks on the Linked List Get started page to open the linked list page&amp#27;[0m                          &amp#27;[90m# stepdefinitions_DS.DS_LinkedList_Steps.user_clicks_on_the_linked_list_Get_started_page_to_open_the_linked_list_page()&amp#27;[0m
  &amp#27;[32mWhen &amp#27;[0m&amp#27;[32mUser clicks on the Traversal link and clicks on the try here button&amp#27;[0m                                  &amp#27;[90m# stepdefinitions_DS.DS_LinkedList_Steps.user_clicks_on_the_traversal_link_and_clicks_on_the_try_here_button()&amp#27;[0m
  &amp#27;[32mThen &amp#27;[0m&amp#27;[32mUser inputs the valid python code in the text editor box from the excel sheet &amp#27;[0m&amp#27;[32m&amp#27;[1m"Data"&amp#27;[0m&amp#27;[32m and rownumber &amp#27;[0m&amp#27;[32m&amp#27;[1m3&amp#27;[0m &amp#27;[90m# stepdefinitions_DS.DS_LinkedList_Steps.user_inputs_the_valid_python_code_in_the_text_editor_box_from_the_excel_sheet_and_rownumber(java.lang.String,java.lang.Integer)&amp#27;[0m
The output is: The sum of 1.5 and 6.3 is 7.8
  &amp#27;[32mThen &amp#27;[0m&amp#27;[32mUser should get the correct output&amp#27;[0m                                                                   &amp#27;[90m# stepdefinitions_DS.DS_Array_Steps.user_should_get_the_correct_output()&amp#27;[0m
]]></system-out>
  </testcase>
  <testcase name="runScenario[&quot;User checks the functionality of the Insertion of Linked list page&quot;, &quot;The user test the functionalities of the Linked List page in the DS Algo application&quot;](19)" classname="test_Runner.TestRunner" time="7.819">
    <system-out><![CDATA[
Scenario Outline: User checks the functionality of the Insertion of Linked list page                        &amp#27;[90m# src/test/resources/DS_Feature/LinkedList.feature:62&amp#27;[0m
  &amp#27;[32mGiven &amp#27;[0m&amp#27;[32mUser is on the DS Algo portal and click on the get started button&amp#27;[0m                                   &amp#27;[90m# stepdefinitions_DS.DS_Array_Steps.user_is_on_the_ds_algo_portal_and_click_on_the_get_started_button()&amp#27;[0m
  &amp#27;[32mThen &amp#27;[0m&amp#27;[32mUser clicks on the sign in link&amp#27;[0m                                                                      &amp#27;[90m# stepdefinitions_DS.DS_Array_Steps.user_clicks_on_the_sign_in_link()&amp#27;[0m
  &amp#27;[32mWhen &amp#27;[0m&amp#27;[32mUser is on the login page, user enters the valid email id and password&amp#27;[0m                               &amp#27;[90m# stepdefinitions_DS.DS_Array_Steps.user_is_on_the_login_page_user_enters_the_valid_email_id_and_password()&amp#27;[0m
  &amp#27;[32mAnd &amp#27;[0m&amp#27;[32mUser clicks on the Linked List Get started page to open the linked list page&amp#27;[0m                          &amp#27;[90m# stepdefinitions_DS.DS_LinkedList_Steps.user_clicks_on_the_linked_list_Get_started_page_to_open_the_linked_list_page()&amp#27;[0m
  &amp#27;[32mWhen &amp#27;[0m&amp#27;[32mUser clicks on the Insertion link and clicks on the try here button&amp#27;[0m                                  &amp#27;[90m# stepdefinitions_DS.DS_LinkedList_Steps.user_clicks_on_the_insertion_link_and_clicks_on_the_try_here_button()&amp#27;[0m
  &amp#27;[32mThen &amp#27;[0m&amp#27;[32mUser inputs the valid python code in the text editor box from the excel sheet &amp#27;[0m&amp#27;[32m&amp#27;[1m"Data"&amp#27;[0m&amp#27;[32m and rownumber &amp#27;[0m&amp#27;[32m&amp#27;[1m3&amp#27;[0m &amp#27;[90m# stepdefinitions_DS.DS_LinkedList_Steps.user_inputs_the_valid_python_code_in_the_text_editor_box_from_the_excel_sheet_and_rownumber(java.lang.String,java.lang.Integer)&amp#27;[0m
The output is: The sum of 1.5 and 6.3 is 7.8
  &amp#27;[32mThen &amp#27;[0m&amp#27;[32mUser should get the correct output&amp#27;[0m                                                                   &amp#27;[90m# stepdefinitions_DS.DS_Array_Steps.user_should_get_the_correct_output()&amp#27;[0m
]]></system-out>
  </testcase>
  <testcase name="runScenario[&quot;User checks the functionality of the Deletion of Linked list page&quot;, &quot;The user test the functionalities of the Linked List page in the DS Algo application&quot;](20)" classname="test_Runner.TestRunner" time="6.978">
    <system-out><![CDATA[
Scenario Outline: User checks the functionality of the Deletion of Linked list page                         &amp#27;[90m# src/test/resources/DS_Feature/LinkedList.feature:71&amp#27;[0m
  &amp#27;[32mGiven &amp#27;[0m&amp#27;[32mUser is on the DS Algo portal and click on the get started button&amp#27;[0m                                   &amp#27;[90m# stepdefinitions_DS.DS_Array_Steps.user_is_on_the_ds_algo_portal_and_click_on_the_get_started_button()&amp#27;[0m
  &amp#27;[32mThen &amp#27;[0m&amp#27;[32mUser clicks on the sign in link&amp#27;[0m                                                                      &amp#27;[90m# stepdefinitions_DS.DS_Array_Steps.user_clicks_on_the_sign_in_link()&amp#27;[0m
  &amp#27;[32mWhen &amp#27;[0m&amp#27;[32mUser is on the login page, user enters the valid email id and password&amp#27;[0m                               &amp#27;[90m# stepdefinitions_DS.DS_Array_Steps.user_is_on_the_login_page_user_enters_the_valid_email_id_and_password()&amp#27;[0m
  &amp#27;[32mAnd &amp#27;[0m&amp#27;[32mUser clicks on the Linked List Get started page to open the linked list page&amp#27;[0m                          &amp#27;[90m# stepdefinitions_DS.DS_LinkedList_Steps.user_clicks_on_the_linked_list_Get_started_page_to_open_the_linked_list_page()&amp#27;[0m
  &amp#27;[32mWhen &amp#27;[0m&amp#27;[32mUser clicks on the Deletion link and clicks on the try here button&amp#27;[0m                                   &amp#27;[90m# stepdefinitions_DS.DS_LinkedList_Steps.user_clicks_on_the_deletion_link_and_clicks_on_the_try_here_button()&amp#27;[0m
  &amp#27;[32mThen &amp#27;[0m&amp#27;[32mUser inputs the valid python code in the text editor box from the excel sheet &amp#27;[0m&amp#27;[32m&amp#27;[1m"Data"&amp#27;[0m&amp#27;[32m and rownumber &amp#27;[0m&amp#27;[32m&amp#27;[1m3&amp#27;[0m &amp#27;[90m# stepdefinitions_DS.DS_LinkedList_Steps.user_inputs_the_valid_python_code_in_the_text_editor_box_from_the_excel_sheet_and_rownumber(java.lang.String,java.lang.Integer)&amp#27;[0m
The output is: The sum of 1.5 and 6.3 is 7.8
  &amp#27;[32mThen &amp#27;[0m&amp#27;[32mUser should get the correct output&amp#27;[0m                                                                   &amp#27;[90m# stepdefinitions_DS.DS_Array_Steps.user_should_get_the_correct_output()&amp#27;[0m
]]></system-out>
  </testcase>
  <testcase name="runScenario[&quot;User is trying to login with invalid credentials&quot;, &quot;Log in to the DS-Algo app&quot;](21)" classname="test_Runner.TestRunner" time="2.782">
    <system-out><![CDATA[
Scenario Outline: User is trying to login with invalid credentials                                          &amp#27;[90m# src/test/resources/DS_Feature/LoginPage.feature:14&amp#27;[0m
  &amp#27;[32mGiven &amp#27;[0m&amp#27;[32mUser is in the homepage&amp#27;[0m                                                                             &amp#27;[90m# stepdefinitions_DS.DS_LoginPage_Steps.user_is_in_the_homepage()&amp#27;[0m
  &amp#27;[32mThen &amp#27;[0m&amp#27;[32mUser clicks on the signin button&amp#27;[0m                                                                     &amp#27;[90m# stepdefinitions_DS.DS_LoginPage_Steps.user_clicks_on_the_signin_button()&amp#27;[0m
  &amp#27;[32mWhen &amp#27;[0m&amp#27;[32mUser enters the invalid username &amp#27;[0m&amp#27;[32m&amp#27;[1m"BugSlayers"&amp#27;[0m&amp#27;[32m and password &amp#27;[0m&amp#27;[32m&amp#27;[1m"SuDhJoRa_SDET"&amp#27;[0m&amp#27;[32m and click on login button&amp#27;[0m &amp#27;[90m# stepdefinitions_DS.DS_LoginPage_Steps.user_enters_the_invalid_username_and_password_and_click_on_login_button(java.lang.String,java.lang.String)&amp#27;[0m
  &amp#27;[32mThen &amp#27;[0m&amp#27;[32mThe user should get an error message&amp#27;[0m                                                                 &amp#27;[90m# stepdefinitions_DS.DS_LoginPage_Steps.the_user_should_get_an_error_message()&amp#27;[0m
]]></system-out>
  </testcase>
  <testcase name="runScenario[&quot;User is trying to login with invalid credentials&quot;, &quot;Log in to the DS-Algo app&quot;](22)" classname="test_Runner.TestRunner" time="3.802">
    <system-out><![CDATA[
Scenario Outline: User is trying to login with invalid credentials                                                  &amp#27;[90m# src/test/resources/DS_Feature/LoginPage.feature:15&amp#27;[0m
  &amp#27;[32mGiven &amp#27;[0m&amp#27;[32mUser is in the homepage&amp#27;[0m                                                                                     &amp#27;[90m# stepdefinitions_DS.DS_LoginPage_Steps.user_is_in_the_homepage()&amp#27;[0m
  &amp#27;[32mThen &amp#27;[0m&amp#27;[32mUser clicks on the signin button&amp#27;[0m                                                                             &amp#27;[90m# stepdefinitions_DS.DS_LoginPage_Steps.user_clicks_on_the_signin_button()&amp#27;[0m
  &amp#27;[32mWhen &amp#27;[0m&amp#27;[32mUser enters the invalid username &amp#27;[0m&amp#27;[32m&amp#27;[1m"Bugslayers@SDET143"&amp#27;[0m&amp#27;[32m and password &amp#27;[0m&amp#27;[32m&amp#27;[1m"SudhJoRa_SDET"&amp#27;[0m&amp#27;[32m and click on login button&amp#27;[0m &amp#27;[90m# stepdefinitions_DS.DS_LoginPage_Steps.user_enters_the_invalid_username_and_password_and_click_on_login_button(java.lang.String,java.lang.String)&amp#27;[0m
  &amp#27;[32mThen &amp#27;[0m&amp#27;[32mThe user should get an error message&amp#27;[0m                                                                         &amp#27;[90m# stepdefinitions_DS.DS_LoginPage_Steps.the_user_should_get_an_error_message()&amp#27;[0m
]]></system-out>
  </testcase>
  <testcase name="runScenario[&quot;User is trying to login with some fields empty&quot;, &quot;Log in to the DS-Algo app&quot;](23)" classname="test_Runner.TestRunner" time="2.753">
    <system-out><![CDATA[
Scenario Outline: User is trying to login with some fields empty                   &amp#27;[90m# src/test/resources/DS_Feature/LoginPage.feature:23&amp#27;[0m
  &amp#27;[32mGiven &amp#27;[0m&amp#27;[32mUser is in the homepage&amp#27;[0m                                                    &amp#27;[90m# stepdefinitions_DS.DS_LoginPage_Steps.user_is_in_the_homepage()&amp#27;[0m
  &amp#27;[32mThen &amp#27;[0m&amp#27;[32mUser clicks on the signin button&amp#27;[0m                                            &amp#27;[90m# stepdefinitions_DS.DS_LoginPage_Steps.user_clicks_on_the_signin_button()&amp#27;[0m
  &amp#27;[32mWhen &amp#27;[0m&amp#27;[32mUser missed to fill out all the required fields &amp#27;[0m&amp#27;[32m&amp#27;[1m"Bugslayers@SDET143"&amp#27;[0m&amp#27;[32m and &amp#27;[0m&amp#27;[32m&amp#27;[1m""&amp#27;[0m &amp#27;[90m# stepdefinitions_DS.DS_LoginPage_Steps.user_missed_to_fill_out_all_the_required_fields_and(java.lang.String,java.lang.String)&amp#27;[0m
  &amp#27;[32mThen &amp#27;[0m&amp#27;[32mUser should get a error message to fill out the missing field&amp#27;[0m               &amp#27;[90m# stepdefinitions_DS.DS_LoginPage_Steps.user_should_get_a_error_message_to_fill_out_the_missing_field()&amp#27;[0m
]]></system-out>
  </testcase>
  <testcase name="runScenario[&quot;User is trying to login with some fields empty&quot;, &quot;Log in to the DS-Algo app&quot;](24)" classname="test_Runner.TestRunner" time="3.254">
    <system-out><![CDATA[
Scenario Outline: User is trying to login with some fields empty              &amp#27;[90m# src/test/resources/DS_Feature/LoginPage.feature:24&amp#27;[0m
  &amp#27;[32mGiven &amp#27;[0m&amp#27;[32mUser is in the homepage&amp#27;[0m                                               &amp#27;[90m# stepdefinitions_DS.DS_LoginPage_Steps.user_is_in_the_homepage()&amp#27;[0m
  &amp#27;[32mThen &amp#27;[0m&amp#27;[32mUser clicks on the signin button&amp#27;[0m                                       &amp#27;[90m# stepdefinitions_DS.DS_LoginPage_Steps.user_clicks_on_the_signin_button()&amp#27;[0m
  &amp#27;[32mWhen &amp#27;[0m&amp#27;[32mUser missed to fill out all the required fields &amp#27;[0m&amp#27;[32m&amp#27;[1m""&amp#27;[0m&amp#27;[32m and &amp#27;[0m&amp#27;[32m&amp#27;[1m"SuDhJoRa_SDET"&amp#27;[0m &amp#27;[90m# stepdefinitions_DS.DS_LoginPage_Steps.user_missed_to_fill_out_all_the_required_fields_and(java.lang.String,java.lang.String)&amp#27;[0m
  &amp#27;[32mThen &amp#27;[0m&amp#27;[32mUser should get a error message to fill out the missing field&amp#27;[0m          &amp#27;[90m# stepdefinitions_DS.DS_LoginPage_Steps.user_should_get_a_error_message_to_fill_out_the_missing_field()&amp#27;[0m
]]></system-out>
  </testcase>
  <testcase name="runScenario[&quot;User is trying to login with some fields empty&quot;, &quot;Log in to the DS-Algo app&quot;](25)" classname="test_Runner.TestRunner" time="2.777">
    <system-out><![CDATA[
Scenario Outline: User is trying to login with some fields empty     &amp#27;[90m# src/test/resources/DS_Feature/LoginPage.feature:25&amp#27;[0m
  &amp#27;[32mGiven &amp#27;[0m&amp#27;[32mUser is in the homepage&amp#27;[0m                                      &amp#27;[90m# stepdefinitions_DS.DS_LoginPage_Steps.user_is_in_the_homepage()&amp#27;[0m
  &amp#27;[32mThen &amp#27;[0m&amp#27;[32mUser clicks on the signin button&amp#27;[0m                              &amp#27;[90m# stepdefinitions_DS.DS_LoginPage_Steps.user_clicks_on_the_signin_button()&amp#27;[0m
  &amp#27;[32mWhen &amp#27;[0m&amp#27;[32mUser missed to fill out all the required fields &amp#27;[0m&amp#27;[32m&amp#27;[1m""&amp#27;[0m&amp#27;[32m and &amp#27;[0m&amp#27;[32m&amp#27;[1m""&amp#27;[0m     &amp#27;[90m# stepdefinitions_DS.DS_LoginPage_Steps.user_missed_to_fill_out_all_the_required_fields_and(java.lang.String,java.lang.String)&amp#27;[0m
  &amp#27;[32mThen &amp#27;[0m&amp#27;[32mUser should get a error message to fill out the missing field&amp#27;[0m &amp#27;[90m# stepdefinitions_DS.DS_LoginPage_Steps.user_should_get_a_error_message_to_fill_out_the_missing_field()&amp#27;[0m
]]></system-out>
  </testcase>
  <testcase name="runScenario[&quot;User is logging in with valid credentials&quot;, &quot;Log in to the DS-Algo app&quot;](26)" classname="test_Runner.TestRunner" time="3.484">
    <system-out><![CDATA[
Scenario: User is logging in with valid credentials                                  &amp#27;[90m# src/test/resources/DS_Feature/LoginPage.feature:27&amp#27;[0m
  &amp#27;[32mGiven &amp#27;[0m&amp#27;[32mUser is in the homepage&amp#27;[0m                                                      &amp#27;[90m# stepdefinitions_DS.DS_LoginPage_Steps.user_is_in_the_homepage()&amp#27;[0m
  &amp#27;[32mThen &amp#27;[0m&amp#27;[32mUser clicks on the signin button&amp#27;[0m                                              &amp#27;[90m# stepdefinitions_DS.DS_LoginPage_Steps.user_clicks_on_the_signin_button()&amp#27;[0m
  &amp#27;[32mWhen &amp#27;[0m&amp#27;[32mUser enter the valid username and password then he clicks on the login button&amp#27;[0m &amp#27;[90m# stepdefinitions_DS.DS_LoginPage_Steps.user_enter_the_valid_username_and_password_then_he_clicks_on_the_login_button()&amp#27;[0m
  &amp#27;[32mThen &amp#27;[0m&amp#27;[32mUser is successfully logged in to the app&amp#27;[0m                                     &amp#27;[90m# stepdefinitions_DS.DS_LoginPage_Steps.user_is_successfully_logged_in_to_the_app()&amp#27;[0m
]]></system-out>
  </testcase>
  <testcase name="runScenario[&quot;User checks the functionality of the Implementation of queue in Python page&quot;, &quot;The user test the functionalities of the Queue page in the DS Algo application&quot;](27)" classname="test_Runner.TestRunner" time="6.015">
    <system-out><![CDATA[
Scenario Outline: User checks the functionality of the Implementation of queue in Python page                 &amp#27;[90m# src/test/resources/DS_Feature/Queue.feature:17&amp#27;[0m
  &amp#27;[32mGiven &amp#27;[0m&amp#27;[32mUser is on the DS Algo portal and click on the get started button&amp#27;[0m                                     &amp#27;[90m# stepdefinitions_DS.DS_Array_Steps.user_is_on_the_ds_algo_portal_and_click_on_the_get_started_button()&amp#27;[0m
  &amp#27;[32mThen &amp#27;[0m&amp#27;[32mUser clicks on the sign in link&amp#27;[0m                                                                        &amp#27;[90m# stepdefinitions_DS.DS_Array_Steps.user_clicks_on_the_sign_in_link()&amp#27;[0m
  &amp#27;[32mWhen &amp#27;[0m&amp#27;[32mUser is on the login page, user enters the valid email id and password&amp#27;[0m                                 &amp#27;[90m# stepdefinitions_DS.DS_Array_Steps.user_is_on_the_login_page_user_enters_the_valid_email_id_and_password()&amp#27;[0m
  &amp#27;[32mAnd &amp#27;[0m&amp#27;[32mUser clicks on the Queue Get started button and user is on the Queue page&amp#27;[0m                               &amp#27;[90m# stepdefinitions_DS.DS_Queue_Steps.user_clicks_on_the_queue_get_started_button_and_user_is_on_the_Queue_page()&amp#27;[0m
  &amp#27;[32mWhen &amp#27;[0m&amp#27;[32mUser clicks on the Implementation of queue in Python and user is in that page&amp#27;[0m                          &amp#27;[90m# stepdefinitions_DS.DS_Queue_Steps.user_clicks_on_the_implementation_of_queue_in_python_and_user_is_in_that_page()&amp#27;[0m
  &amp#27;[32mAnd &amp#27;[0m&amp#27;[32mUser clicks on the try here button&amp#27;[0m                                                                      &amp#27;[90m# stepdefinitions_DS.DS_Queue_Steps.user_clicks_on_the_try_here_button()&amp#27;[0m
  &amp#27;[32mThen &amp#27;[0m&amp#27;[32mUser inputs the valid python code in the text editor box from the xlsheet sheet &amp#27;[0m&amp#27;[32m&amp#27;[1m"Data"&amp#27;[0m&amp#27;[32m and rownumber &amp#27;[0m&amp#27;[32m&amp#27;[1m3&amp#27;[0m &amp#27;[90m# stepdefinitions_DS.DS_Queue_Steps.user_inputs_the_valid_python_code_in_the_text_editor_box_from_the_xlsheet_sheet_and_rownumber(java.lang.String,java.lang.Integer)&amp#27;[0m
The output is: The sum of 1.5 and 6.3 is 7.8
  &amp#27;[32mThen &amp#27;[0m&amp#27;[32mUser should get the correct output&amp#27;[0m                                                                     &amp#27;[90m# stepdefinitions_DS.DS_Array_Steps.user_should_get_the_correct_output()&amp#27;[0m
]]></system-out>
  </testcase>
  <testcase name="runScenario[&quot;User checks the functionality of the Implementation using collection.deque page&quot;, &quot;The user test the functionalities of the Queue page in the DS Algo application&quot;](28)" classname="test_Runner.TestRunner" time="6.369">
    <system-out><![CDATA[
Scenario Outline: User checks the functionality of the Implementation using collection.deque page             &amp#27;[90m# src/test/resources/DS_Feature/Queue.feature:27&amp#27;[0m
  &amp#27;[32mGiven &amp#27;[0m&amp#27;[32mUser is on the DS Algo portal and click on the get started button&amp#27;[0m                                     &amp#27;[90m# stepdefinitions_DS.DS_Array_Steps.user_is_on_the_ds_algo_portal_and_click_on_the_get_started_button()&amp#27;[0m
  &amp#27;[32mThen &amp#27;[0m&amp#27;[32mUser clicks on the sign in link&amp#27;[0m                                                                        &amp#27;[90m# stepdefinitions_DS.DS_Array_Steps.user_clicks_on_the_sign_in_link()&amp#27;[0m
  &amp#27;[32mWhen &amp#27;[0m&amp#27;[32mUser is on the login page, user enters the valid email id and password&amp#27;[0m                                 &amp#27;[90m# stepdefinitions_DS.DS_Array_Steps.user_is_on_the_login_page_user_enters_the_valid_email_id_and_password()&amp#27;[0m
  &amp#27;[32mAnd &amp#27;[0m&amp#27;[32mUser clicks on the Queue Get started button and user is on the Queue page&amp#27;[0m                               &amp#27;[90m# stepdefinitions_DS.DS_Queue_Steps.user_clicks_on_the_queue_get_started_button_and_user_is_on_the_Queue_page()&amp#27;[0m
  &amp#27;[32mWhen &amp#27;[0m&amp#27;[32mUser clicks on the Implementation using collection.deque in Python and user is in that page&amp#27;[0m            &amp#27;[90m# stepdefinitions_DS.DS_Queue_Steps.user_clicks_on_the_implementation_using_collection_deque_in_python_and_user_is_in_that_page()&amp#27;[0m
  &amp#27;[32mAnd &amp#27;[0m&amp#27;[32mUser clicks on the try here button&amp#27;[0m                                                                      &amp#27;[90m# stepdefinitions_DS.DS_Queue_Steps.user_clicks_on_the_try_here_button()&amp#27;[0m
  &amp#27;[32mThen &amp#27;[0m&amp#27;[32mUser inputs the valid python code in the text editor box from the xlsheet sheet &amp#27;[0m&amp#27;[32m&amp#27;[1m"Data"&amp#27;[0m&amp#27;[32m and rownumber &amp#27;[0m&amp#27;[32m&amp#27;[1m3&amp#27;[0m &amp#27;[90m# stepdefinitions_DS.DS_Queue_Steps.user_inputs_the_valid_python_code_in_the_text_editor_box_from_the_xlsheet_sheet_and_rownumber(java.lang.String,java.lang.Integer)&amp#27;[0m
The output is: The sum of 1.5 and 6.3 is 7.8
  &amp#27;[32mThen &amp#27;[0m&amp#27;[32mUser should get the correct output&amp#27;[0m                                                                     &amp#27;[90m# stepdefinitions_DS.DS_Array_Steps.user_should_get_the_correct_output()&amp#27;[0m
]]></system-out>
  </testcase>
  <testcase name="runScenario[&quot;User checks the functionality of the Implementation using array page&quot;, &quot;The user test the functionalities of the Queue page in the DS Algo application&quot;](29)" classname="test_Runner.TestRunner" time="6.681">
    <system-out><![CDATA[
Scenario Outline: User checks the functionality of the Implementation using array page                        &amp#27;[90m# src/test/resources/DS_Feature/Queue.feature:37&amp#27;[0m
  &amp#27;[32mGiven &amp#27;[0m&amp#27;[32mUser is on the DS Algo portal and click on the get started button&amp#27;[0m                                     &amp#27;[90m# stepdefinitions_DS.DS_Array_Steps.user_is_on_the_ds_algo_portal_and_click_on_the_get_started_button()&amp#27;[0m
  &amp#27;[32mThen &amp#27;[0m&amp#27;[32mUser clicks on the sign in link&amp#27;[0m                                                                        &amp#27;[90m# stepdefinitions_DS.DS_Array_Steps.user_clicks_on_the_sign_in_link()&amp#27;[0m
  &amp#27;[32mWhen &amp#27;[0m&amp#27;[32mUser is on the login page, user enters the valid email id and password&amp#27;[0m                                 &amp#27;[90m# stepdefinitions_DS.DS_Array_Steps.user_is_on_the_login_page_user_enters_the_valid_email_id_and_password()&amp#27;[0m
  &amp#27;[32mAnd &amp#27;[0m&amp#27;[32mUser clicks on the Queue Get started button and user is on the Queue page&amp#27;[0m                               &amp#27;[90m# stepdefinitions_DS.DS_Queue_Steps.user_clicks_on_the_queue_get_started_button_and_user_is_on_the_Queue_page()&amp#27;[0m
  &amp#27;[32mWhen &amp#27;[0m&amp#27;[32mUser clicks on the Implementation using array in Python and user is in that page&amp#27;[0m                       &amp#27;[90m# stepdefinitions_DS.DS_Queue_Steps.user_clicks_on_the_implementation_using_array_in_python_and_user_is_in_that_page()&amp#27;[0m
  &amp#27;[32mAnd &amp#27;[0m&amp#27;[32mUser clicks on the try here button&amp#27;[0m                                                                      &amp#27;[90m# stepdefinitions_DS.DS_Queue_Steps.user_clicks_on_the_try_here_button()&amp#27;[0m
  &amp#27;[32mThen &amp#27;[0m&amp#27;[32mUser inputs the valid python code in the text editor box from the xlsheet sheet &amp#27;[0m&amp#27;[32m&amp#27;[1m"Data"&amp#27;[0m&amp#27;[32m and rownumber &amp#27;[0m&amp#27;[32m&amp#27;[1m3&amp#27;[0m &amp#27;[90m# stepdefinitions_DS.DS_Queue_Steps.user_inputs_the_valid_python_code_in_the_text_editor_box_from_the_xlsheet_sheet_and_rownumber(java.lang.String,java.lang.Integer)&amp#27;[0m
The output is: The sum of 1.5 and 6.3 is 7.8
  &amp#27;[32mThen &amp#27;[0m&amp#27;[32mUser should get the correct output&amp#27;[0m                                                                     &amp#27;[90m# stepdefinitions_DS.DS_Array_Steps.user_should_get_the_correct_output()&amp#27;[0m
]]></system-out>
  </testcase>
  <testcase name="runScenario[&quot;User checks the functionality of the Queue Operations page&quot;, &quot;The user test the functionalities of the Queue page in the DS Algo application&quot;](30)" classname="test_Runner.TestRunner" time="6.325">
    <system-out><![CDATA[
Scenario Outline: User checks the functionality of the Queue Operations page                                  &amp#27;[90m# src/test/resources/DS_Feature/Queue.feature:47&amp#27;[0m
  &amp#27;[32mGiven &amp#27;[0m&amp#27;[32mUser is on the DS Algo portal and click on the get started button&amp#27;[0m                                     &amp#27;[90m# stepdefinitions_DS.DS_Array_Steps.user_is_on_the_ds_algo_portal_and_click_on_the_get_started_button()&amp#27;[0m
  &amp#27;[32mThen &amp#27;[0m&amp#27;[32mUser clicks on the sign in link&amp#27;[0m                                                                        &amp#27;[90m# stepdefinitions_DS.DS_Array_Steps.user_clicks_on_the_sign_in_link()&amp#27;[0m
  &amp#27;[32mWhen &amp#27;[0m&amp#27;[32mUser is on the login page, user enters the valid email id and password&amp#27;[0m                                 &amp#27;[90m# stepdefinitions_DS.DS_Array_Steps.user_is_on_the_login_page_user_enters_the_valid_email_id_and_password()&amp#27;[0m
  &amp#27;[32mAnd &amp#27;[0m&amp#27;[32mUser clicks on the Queue Get started button and user is on the Queue page&amp#27;[0m                               &amp#27;[90m# stepdefinitions_DS.DS_Queue_Steps.user_clicks_on_the_queue_get_started_button_and_user_is_on_the_Queue_page()&amp#27;[0m
  &amp#27;[32mWhen &amp#27;[0m&amp#27;[32mUser clicks on the Queue Operations in Python and user is in that page&amp#27;[0m                                 &amp#27;[90m# stepdefinitions_DS.DS_Queue_Steps.user_clicks_on_the_queue_operations_in_python_and_user_is_in_that_page()&amp#27;[0m
  &amp#27;[32mAnd &amp#27;[0m&amp#27;[32mUser clicks on the try here button&amp#27;[0m                                                                      &amp#27;[90m# stepdefinitions_DS.DS_Queue_Steps.user_clicks_on_the_try_here_button()&amp#27;[0m
  &amp#27;[32mThen &amp#27;[0m&amp#27;[32mUser inputs the valid python code in the text editor box from the xlsheet sheet &amp#27;[0m&amp#27;[32m&amp#27;[1m"Data"&amp#27;[0m&amp#27;[32m and rownumber &amp#27;[0m&amp#27;[32m&amp#27;[1m3&amp#27;[0m &amp#27;[90m# stepdefinitions_DS.DS_Queue_Steps.user_inputs_the_valid_python_code_in_the_text_editor_box_from_the_xlsheet_sheet_and_rownumber(java.lang.String,java.lang.Integer)&amp#27;[0m
The output is: The sum of 1.5 and 6.3 is 7.8
  &amp#27;[32mThen &amp#27;[0m&amp#27;[32mUser should get the correct output&amp#27;[0m                                                                     &amp#27;[90m# stepdefinitions_DS.DS_Array_Steps.user_should_get_the_correct_output()&amp#27;[0m
]]></system-out>
  </testcase>
  <testcase name="runScenario[&quot;Register with invalid credentials to check the error displayed&quot;, &quot;Registering to the DS-Algo app&quot;](31)" classname="test_Runner.TestRunner" time="2.965">
    <system-out><![CDATA[
Scenario Outline: Register with invalid credentials to check the error displayed &amp#27;[90m# src/test/resources/DS_Feature/Register.feature:12&amp#27;[0m
  &amp#27;[32mGiven &amp#27;[0m&amp#27;[32mUser is on the Register Page&amp#27;[0m                                             &amp#27;[90m# stepdefinitions_DS.DS_RegisterPage_Steps.user_is_on_the_register_page()&amp#27;[0m
  &amp#27;[32mWhen &amp#27;[0m&amp#27;[32mUser leaves some fields &amp#27;[0m&amp#27;[32m&amp#27;[1m""&amp#27;[0m&amp#27;[32m, &amp#27;[0m&amp#27;[32m&amp#27;[1m"Pass123"&amp#27;[0m&amp#27;[32m and &amp#27;[0m&amp#27;[32m&amp#27;[1m"Pass123"&amp#27;[0m&amp#27;[32m empty&amp#27;[0m                 &amp#27;[90m# stepdefinitions_DS.DS_RegisterPage_Steps.user_leaves_some_fields_and_empty(java.lang.String,java.lang.String,java.lang.String)&amp#27;[0m
  &amp#27;[32mAnd &amp#27;[0m&amp#27;[32mUser clicks on the register button&amp#27;[0m                                         &amp#27;[90m# stepdefinitions_DS.DS_RegisterPage_Steps.user_clicks_on_the_register_button()&amp#27;[0m
  &amp#27;[32mThen &amp#27;[0m&amp#27;[32mUser should get proper warning message&amp#27;[0m                                    &amp#27;[90m# stepdefinitions_DS.DS_RegisterPage_Steps.user_should_get_proper_warning_message()&amp#27;[0m
]]></system-out>
  </testcase>
  <testcase name="runScenario[&quot;Register with invalid credentials to check the error displayed&quot;, &quot;Registering to the DS-Algo app&quot;](32)" classname="test_Runner.TestRunner" time="2.664">
    <system-out><![CDATA[
Scenario Outline: Register with invalid credentials to check the error displayed &amp#27;[90m# src/test/resources/DS_Feature/Register.feature:13&amp#27;[0m
  &amp#27;[32mGiven &amp#27;[0m&amp#27;[32mUser is on the Register Page&amp#27;[0m                                             &amp#27;[90m# stepdefinitions_DS.DS_RegisterPage_Steps.user_is_on_the_register_page()&amp#27;[0m
  &amp#27;[32mWhen &amp#27;[0m&amp#27;[32mUser leaves some fields &amp#27;[0m&amp#27;[32m&amp#27;[1m"Admin"&amp#27;[0m&amp#27;[32m, &amp#27;[0m&amp#27;[32m&amp#27;[1m"Pass123"&amp#27;[0m&amp#27;[32m and &amp#27;[0m&amp#27;[32m&amp#27;[1m""&amp#27;[0m&amp#27;[32m empty&amp#27;[0m                   &amp#27;[90m# stepdefinitions_DS.DS_RegisterPage_Steps.user_leaves_some_fields_and_empty(java.lang.String,java.lang.String,java.lang.String)&amp#27;[0m
  &amp#27;[32mAnd &amp#27;[0m&amp#27;[32mUser clicks on the register button&amp#27;[0m                                         &amp#27;[90m# stepdefinitions_DS.DS_RegisterPage_Steps.user_clicks_on_the_register_button()&amp#27;[0m
  &amp#27;[32mThen &amp#27;[0m&amp#27;[32mUser should get proper warning message&amp#27;[0m                                    &amp#27;[90m# stepdefinitions_DS.DS_RegisterPage_Steps.user_should_get_proper_warning_message()&amp#27;[0m
]]></system-out>
  </testcase>
  <testcase name="runScenario[&quot;Register with invalid credentials to check the error displayed&quot;, &quot;Registering to the DS-Algo app&quot;](33)" classname="test_Runner.TestRunner" time="2.749">
    <system-out><![CDATA[
Scenario Outline: Register with invalid credentials to check the error displayed &amp#27;[90m# src/test/resources/DS_Feature/Register.feature:14&amp#27;[0m
  &amp#27;[32mGiven &amp#27;[0m&amp#27;[32mUser is on the Register Page&amp#27;[0m                                             &amp#27;[90m# stepdefinitions_DS.DS_RegisterPage_Steps.user_is_on_the_register_page()&amp#27;[0m
  &amp#27;[32mWhen &amp#27;[0m&amp#27;[32mUser leaves some fields &amp#27;[0m&amp#27;[32m&amp#27;[1m""&amp#27;[0m&amp#27;[32m, &amp#27;[0m&amp#27;[32m&amp#27;[1m""&amp#27;[0m&amp#27;[32m and &amp#27;[0m&amp#27;[32m&amp#27;[1m""&amp#27;[0m&amp#27;[32m empty&amp#27;[0m                               &amp#27;[90m# stepdefinitions_DS.DS_RegisterPage_Steps.user_leaves_some_fields_and_empty(java.lang.String,java.lang.String,java.lang.String)&amp#27;[0m
  &amp#27;[32mAnd &amp#27;[0m&amp#27;[32mUser clicks on the register button&amp#27;[0m                                         &amp#27;[90m# stepdefinitions_DS.DS_RegisterPage_Steps.user_clicks_on_the_register_button()&amp#27;[0m
[...]
  &amp#27;[32mThen &amp#27;[0m&amp#27;[32mUser clicks on the sign in link&amp#27;[0m                                                                            &amp#27;[90m# stepdefinitions_DS.DS_Array_Steps.user_clicks_on_the_sign_in_link()&amp#27;[0m
  &amp#27;[32mWhen &amp#27;[0m&amp#27;[32mUser is on the login page, user enters the valid email id and password&amp#27;[0m                                     &amp#27;[90m# stepdefinitions_DS.DS_Array_Steps.user_is_on_the_login_page_user_enters_the_valid_email_id_and_password()&amp#27;[0m
  &amp#27;[32mAnd &amp#27;[0m&amp#27;[32mUser clicks on the Tree Get started button and user is on the Tree page&amp#27;[0m                                     &amp#27;[90m# stepdefinitions_DS.DS_Trees_Steps.user_clicks_on_the_tree_get_started_button_and_user_is_on_the_tree_page()&amp#27;[0m
  &amp#27;[32mWhen &amp#27;[0m&amp#27;[32mUser clicks on the TypesofBinaryTrees in Trees and user is in that page&amp#27;[0m                                    &amp#27;[90m# stepdefinitions_DS.DS_Trees_Steps.user_clicks_on_the_typesof_binary_trees_in_trees_and_user_is_in_that_page()&amp#27;[0m
  &amp#27;[32mAnd &amp#27;[0m&amp#27;[32mUser click on the try here button to go to try editor&amp#27;[0m                                                       &amp#27;[90m# stepdefinitions_DS.DS_Trees_Steps.user_click_on_the_try_here_button_to_go_to_try_editor()&amp#27;[0m
  &amp#27;[32mThen &amp#27;[0m&amp#27;[32mUser inputs the valid python code in the text editor box from the excel sheet sheet &amp#27;[0m&amp#27;[32m&amp#27;[1m"Data"&amp#27;[0m&amp#27;[32m and rownumber &amp#27;[0m&amp#27;[32m&amp#27;[1m3&amp#27;[0m &amp#27;[90m# stepdefinitions_DS.DS_Trees_Steps.user_inputs_the_valid_python_code_in_the_text_editor_box_from_the_excel_sheet_sheet_and_rownumber(java.lang.String,java.lang.Integer)&amp#27;[0m
The output is: The sum of 1.5 and 6.3 is 7.8
  &amp#27;[32mThen &amp#27;[0m&amp#27;[32mUser should get the correct output&amp#27;[0m                                                                         &amp#27;[90m# stepdefinitions_DS.DS_Array_Steps.user_should_get_the_correct_output()&amp#27;[0m
]]></system-out>
  </testcase>
  <testcase name="runScenario[&quot;User checks the functionality of the ImplementationinPython in Trees&quot;, &quot;The user test the functionalities of the Stack page in the DS Algo application&quot;](44)" classname="test_Runner.TestRunner" time="6.932">
    <system-out><![CDATA[
Scenario Outline: User checks the functionality of the ImplementationinPython in Trees                            &amp#27;[90m# src/test/resources/DS_Feature/TreePage.feature:87&amp#27;[0m
  &amp#27;[32mGiven &amp#27;[0m&amp#27;[32mUser is on the DS Algo portal and click on the get started button&amp#27;[0m                                         &amp#27;[90m# stepdefinitions_DS.DS_Array_Steps.user_is_on_the_ds_algo_portal_and_click_on_the_get_started_button()&amp#27;[0m
  &amp#27;[32mThen &amp#27;[0m&amp#27;[32mUser clicks on the sign in link&amp#27;[0m                                                                            &amp#27;[90m# stepdefinitions_DS.DS_Array_Steps.user_clicks_on_the_sign_in_link()&amp#27;[0m
  &amp#27;[32mWhen &amp#27;[0m&amp#27;[32mUser is on the login page, user enters the valid email id and password&amp#27;[0m                                     &amp#27;[90m# stepdefinitions_DS.DS_Array_Steps.user_is_on_the_login_page_user_enters_the_valid_email_id_and_password()&amp#27;[0m
  &amp#27;[32mAnd &amp#27;[0m&amp#27;[32mUser clicks on the Tree Get started button and user is on the Tree page&amp#27;[0m                                     &amp#27;[90m# stepdefinitions_DS.DS_Trees_Steps.user_clicks_on_the_tree_get_started_button_and_user_is_on_the_tree_page()&amp#27;[0m
  &amp#27;[32mWhen &amp#27;[0m&amp#27;[32mUser clicks on the ImplementationinPython in Trees and user is in that page&amp#27;[0m                                &amp#27;[90m# stepdefinitions_DS.DS_Trees_Steps.user_clicks_on_the_implementationin_python_in_trees_and_user_is_in_that_page()&amp#27;[0m
  &amp#27;[32mAnd &amp#27;[0m&amp#27;[32mUser click on the try here button to go to try editor&amp#27;[0m                                                       &amp#27;[90m# stepdefinitions_DS.DS_Trees_Steps.user_click_on_the_try_here_button_to_go_to_try_editor()&amp#27;[0m
  &amp#27;[32mThen &amp#27;[0m&amp#27;[32mUser inputs the valid python code in the text editor box from the excel sheet sheet &amp#27;[0m&amp#27;[32m&amp#27;[1m"Data"&amp#27;[0m&amp#27;[32m and rownumber &amp#27;[0m&amp#27;[32m&amp#27;[1m3&amp#27;[0m &amp#27;[90m# stepdefinitions_DS.DS_Trees_Steps.user_inputs_the_valid_python_code_in_the_text_editor_box_from_the_excel_sheet_sheet_and_rownumber(java.lang.String,java.lang.Integer)&amp#27;[0m
The output is: The sum of 1.5 and 6.3 is 7.8
  &amp#27;[32mThen &amp#27;[0m&amp#27;[32mUser should get the correct output&amp#27;[0m                                                                         &amp#27;[90m# stepdefinitions_DS.DS_Array_Steps.user_should_get_the_correct_output()&amp#27;[0m
]]></system-out>
  </testcase>
  <testcase name="runScenario[&quot;User checks the functionality of the BinaryTreeTraversals in Trees&quot;, &quot;The user test the functionalities of the Stack page in the DS Algo application&quot;](45)" classname="test_Runner.TestRunner" time="6.815">
    <system-out><![CDATA[
Scenario Outline: User checks the functionality of the BinaryTreeTraversals in Trees                              &amp#27;[90m# src/test/resources/DS_Feature/TreePage.feature:97&amp#27;[0m
  &amp#27;[32mGiven &amp#27;[0m&amp#27;[32mUser is on the DS Algo portal and click on the get started button&amp#27;[0m                                         &amp#27;[90m# stepdefinitions_DS.DS_Array_Steps.user_is_on_the_ds_algo_portal_and_click_on_the_get_started_button()&amp#27;[0m
  &amp#27;[32mThen &amp#27;[0m&amp#27;[32mUser clicks on the sign in link&amp#27;[0m                                                                            &amp#27;[90m# stepdefinitions_DS.DS_Array_Steps.user_clicks_on_the_sign_in_link()&amp#27;[0m
  &amp#27;[32mWhen &amp#27;[0m&amp#27;[32mUser is on the login page, user enters the valid email id and password&amp#27;[0m                                     &amp#27;[90m# stepdefinitions_DS.DS_Array_Steps.user_is_on_the_login_page_user_enters_the_valid_email_id_and_password()&amp#27;[0m
  &amp#27;[32mAnd &amp#27;[0m&amp#27;[32mUser clicks on the Tree Get started button and user is on the Tree page&amp#27;[0m                                     &amp#27;[90m# stepdefinitions_DS.DS_Trees_Steps.user_clicks_on_the_tree_get_started_button_and_user_is_on_the_tree_page()&amp#27;[0m
  &amp#27;[32mWhen &amp#27;[0m&amp#27;[32mUser clicks on the BinaryTreeTraversals in Trees and user is in that page&amp#27;[0m                                  &amp#27;[90m# stepdefinitions_DS.DS_Trees_Steps.user_clicks_on_the_binary_tree_traversals_in_trees_and_user_is_in_that_page()&amp#27;[0m
  &amp#27;[32mAnd &amp#27;[0m&amp#27;[32mUser click on the try here button to go to try editor&amp#27;[0m                                                       &amp#27;[90m# stepdefinitions_DS.DS_Trees_Steps.user_click_on_the_try_here_button_to_go_to_try_editor()&amp#27;[0m
  &amp#27;[32mThen &amp#27;[0m&amp#27;[32mUser inputs the valid python code in the text editor box from the excel sheet sheet &amp#27;[0m&amp#27;[32m&amp#27;[1m"Data"&amp#27;[0m&amp#27;[32m and rownumber &amp#27;[0m&amp#27;[32m&amp#27;[1m3&amp#27;[0m &amp#27;[90m# stepdefinitions_DS.DS_Trees_Steps.user_inputs_the_valid_python_code_in_the_text_editor_box_from_the_excel_sheet_sheet_and_rownumber(java.lang.String,java.lang.Integer)&amp#27;[0m
The output is: The sum of 1.5 and 6.3 is 7.8
  &amp#27;[32mThen &amp#27;[0m&amp#27;[32mUser should get the correct output&amp#27;[0m                                                                         &amp#27;[90m# stepdefinitions_DS.DS_Array_Steps.user_should_get_the_correct_output()&amp#27;[0m
]]></system-out>
  </testcase>
  <testcase name="runScenario[&quot;User checks the functionality of the ImplementationofBinaryTrees in Trees&quot;, &quot;The user test the functionalities of the Stack page in the DS Algo application&quot;](46)" classname="test_Runner.TestRunner" time="6.301">
    <system-out><![CDATA[
Scenario Outline: User checks the functionality of the ImplementationofBinaryTrees in Trees                       &amp#27;[90m# src/test/resources/DS_Feature/TreePage.feature:107&amp#27;[0m
  &amp#27;[32mGiven &amp#27;[0m&amp#27;[32mUser is on the DS Algo portal and click on the get started button&amp#27;[0m                                         &amp#27;[90m# stepdefinitions_DS.DS_Array_Steps.user_is_on_the_ds_algo_portal_and_click_on_the_get_started_button()&amp#27;[0m
  &amp#27;[32mThen &amp#27;[0m&amp#27;[32mUser clicks on the sign in link&amp#27;[0m                                                                            &amp#27;[90m# stepdefinitions_DS.DS_Array_Steps.user_clicks_on_the_sign_in_link()&amp#27;[0m
  &amp#27;[32mWhen &amp#27;[0m&amp#27;[32mUser is on the login page, user enters the valid email id and password&amp#27;[0m                                     &amp#27;[90m# stepdefinitions_DS.DS_Array_Steps.user_is_on_the_login_page_user_enters_the_valid_email_id_and_password()&amp#27;[0m
  &amp#27;[32mAnd &amp#27;[0m&amp#27;[32mUser clicks on the Tree Get started button and user is on the Tree page&amp#27;[0m                                     &amp#27;[90m# stepdefinitions_DS.DS_Trees_Steps.user_clicks_on_the_tree_get_started_button_and_user_is_on_the_tree_page()&amp#27;[0m
  &amp#27;[32mWhen &amp#27;[0m&amp#27;[32mUser clicks on the ImplementationofBinaryTrees in Trees and user is in that page&amp#27;[0m                           &amp#27;[90m# stepdefinitions_DS.DS_Trees_Steps.user_clicks_on_the_implementationof_binary_trees_in_trees_and_user_is_in_that_page()&amp#27;[0m
  &amp#27;[32mAnd &amp#27;[0m&amp#27;[32mUser click on the try here button to go to try editor&amp#27;[0m                                                       &amp#27;[90m# stepdefinitions_DS.DS_Trees_Steps.user_click_on_the_try_here_button_to_go_to_try_editor()&amp#27;[0m
  &amp#27;[32mThen &amp#27;[0m&amp#27;[32mUser inputs the valid python code in the text editor box from the excel sheet sheet &amp#27;[0m&amp#27;[32m&amp#27;[1m"Data"&amp#27;[0m&amp#27;[32m and rownumber &amp#27;[0m&amp#27;[32m&amp#27;[1m3&amp#27;[0m &amp#27;[90m# stepdefinitions_DS.DS_Trees_Steps.user_inputs_the_valid_python_code_in_the_text_editor_box_from_the_excel_sheet_sheet_and_rownumber(java.lang.String,java.lang.Integer)&amp#27;[0m
The output is: The sum of 1.5 and 6.3 is 7.8
  &amp#27;[32mThen &amp#27;[0m&amp#27;[32mUser should get the correct output&amp#27;[0m                                                                         &amp#27;[90m# stepdefinitions_DS.DS_Array_Steps.user_should_get_the_correct_output()&amp#27;[0m
]]></system-out>
  </testcase>
  <testcase name="runScenario[&quot;User checks the functionality of the ApplicationsofBinaryTrees in Trees&quot;, &quot;The user test the functionalities of the Stack page in the DS Algo application&quot;](47)" classname="test_Runner.TestRunner" time="5.93">
    <system-out><![CDATA[
Scenario Outline: User checks the functionality of the ApplicationsofBinaryTrees in Trees                         &amp#27;[90m# src/test/resources/DS_Feature/TreePage.feature:117&amp#27;[0m
  &amp#27;[32mGiven &amp#27;[0m&amp#27;[32mUser is on the DS Algo portal and click on the get started button&amp#27;[0m                                         &amp#27;[90m# stepdefinitions_DS.DS_Array_Steps.user_is_on_the_ds_algo_portal_and_click_on_the_get_started_button()&amp#27;[0m
  &amp#27;[32mThen &amp#27;[0m&amp#27;[32mUser clicks on the sign in link&amp#27;[0m                                                                            &amp#27;[90m# stepdefinitions_DS.DS_Array_Steps.user_clicks_on_the_sign_in_link()&amp#27;[0m
  &amp#27;[32mWhen &amp#27;[0m&amp#27;[32mUser is on the login page, user enters the valid email id and password&amp#27;[0m                                     &amp#27;[90m# stepdefinitions_DS.DS_Array_Steps.user_is_on_the_login_page_user_enters_the_valid_email_id_and_password()&amp#27;[0m
  &amp#27;[32mAnd &amp#27;[0m&amp#27;[32mUser clicks on the Tree Get started button and user is on the Tree page&amp#27;[0m                                     &amp#27;[90m# stepdefinitions_DS.DS_Trees_Steps.user_clicks_on_the_tree_get_started_button_and_user_is_on_the_tree_page()&amp#27;[0m
  &amp#27;[32mWhen &amp#27;[0m&amp#27;[32mUser clicks on the ApplicationsofBinaryTrees in Trees and user is in that page&amp#27;[0m                             &amp#27;[90m# stepdefinitions_DS.DS_Trees_Steps.user_clicks_on_the_applicationsof_binary_trees_in_trees_and_user_is_in_that_page()&amp#27;[0m
  &amp#27;[32mAnd &amp#27;[0m&amp#27;[32mUser click on the try here button to go to try editor&amp#27;[0m                                                       &amp#27;[90m# stepdefinitions_DS.DS_Trees_Steps.user_click_on_the_try_here_button_to_go_to_try_editor()&amp#27;[0m
  &amp#27;[32mThen &amp#27;[0m&amp#27;[32mUser inputs the valid python code in the text editor box from the excel sheet sheet &amp#27;[0m&amp#27;[32m&amp#27;[1m"Data"&amp#27;[0m&amp#27;[32m and rownumber &amp#27;[0m&amp#27;[32m&amp#27;[1m3&amp#27;[0m &amp#27;[90m# stepdefinitions_DS.DS_Trees_Steps.user_inputs_the_valid_python_code_in_the_text_editor_box_from_the_excel_sheet_sheet_and_rownumber(java.lang.String,java.lang.Integer)&amp#27;[0m
The output is: The sum of 1.5 and 6.3 is 7.8
  &amp#27;[32mThen &amp#27;[0m&amp#27;[32mUser should get the correct output&amp#27;[0m                                                                         &amp#27;[90m# stepdefinitions_DS.DS_Array_Steps.user_should_get_the_correct_output()&amp#27;[0m
]]></system-out>
  </testcase>
  <testcase name="runScenario[&quot;User checks the functionality of the BinarySearchTrees in Trees&quot;, &quot;The user test the functionalities of the Stack page in the DS Algo application&quot;](48)" classname="test_Runner.TestRunner" time="6.35">
    <system-out><![CDATA[
Scenario Outline: User checks the functionality of the BinarySearchTrees in Trees                                 &amp#27;[90m# src/test/resources/DS_Feature/TreePage.feature:127&amp#27;[0m
  &amp#27;[32mGiven &amp#27;[0m&amp#27;[32mUser is on the DS Algo portal and click on the get started button&amp#27;[0m                                         &amp#27;[90m# stepdefinitions_DS.DS_Array_Steps.user_is_on_the_ds_algo_portal_and_click_on_the_get_started_button()&amp#27;[0m
  &amp#27;[32mThen &amp#27;[0m&amp#27;[32mUser clicks on the sign in link&amp#27;[0m                                                                            &amp#27;[90m# stepdefinitions_DS.DS_Array_Steps.user_clicks_on_the_sign_in_link()&amp#27;[0m
  &amp#27;[32mWhen &amp#27;[0m&amp#27;[32mUser is on the login page, user enters the valid email id and password&amp#27;[0m                                     &amp#27;[90m# stepdefinitions_DS.DS_Array_Steps.user_is_on_the_login_page_user_enters_the_valid_email_id_and_password()&amp#27;[0m
  &amp#27;[32mAnd &amp#27;[0m&amp#27;[32mUser clicks on the Tree Get started button and user is on the Tree page&amp#27;[0m                                     &amp#27;[90m# stepdefinitions_DS.DS_Trees_Steps.user_clicks_on_the_tree_get_started_button_and_user_is_on_the_tree_page()&amp#27;[0m
  &amp#27;[32mWhen &amp#27;[0m&amp#27;[32mUser clicks on the BinarySearchTrees in Trees and user is in that page&amp#27;[0m                                     &amp#27;[90m# stepdefinitions_DS.DS_Trees_Steps.user_clicks_on_the_binary_search_trees_in_trees_and_user_is_in_that_page()&amp#27;[0m
  &amp#27;[32mAnd &amp#27;[0m&amp#27;[32mUser click on the try here button to go to try editor&amp#27;[0m                                                       &amp#27;[90m# stepdefinitions_DS.DS_Trees_Steps.user_click_on_the_try_here_button_to_go_to_try_editor()&amp#27;[0m
  &amp#27;[32mThen &amp#27;[0m&amp#27;[32mUser inputs the valid python code in the text editor box from the excel sheet sheet &amp#27;[0m&amp#27;[32m&amp#27;[1m"Data"&amp#27;[0m&amp#27;[32m and rownumber &amp#27;[0m&amp#27;[32m&amp#27;[1m3&amp#27;[0m &amp#27;[90m# stepdefinitions_DS.DS_Trees_Steps.user_inputs_the_valid_python_code_in_the_text_editor_box_from_the_excel_sheet_sheet_and_rownumber(java.lang.String,java.lang.Integer)&amp#27;[0m
The output is: The sum of 1.5 and 6.3 is 7.8
  &amp#27;[32mThen &amp#27;[0m&amp#27;[32mUser should get the correct output&amp#27;[0m                                                                         &amp#27;[90m# stepdefinitions_DS.DS_Array_Steps.user_should_get_the_correct_output()&amp#27;[0m
]]></system-out>
  </testcase>
  <testcase name="runScenario[&quot;User checks the functionality of the ImplementationofBST in Trees&quot;, &quot;The user test the functionalities of the Stack page in the DS Algo application&quot;](49)" classname="test_Runner.TestRunner" time="6.534">
    <system-out><![CDATA[
Scenario Outline: User checks the functionality of the ImplementationofBST in Trees                               &amp#27;[90m# src/test/resources/DS_Feature/TreePage.feature:137&amp#27;[0m
  &amp#27;[32mGiven &amp#27;[0m&amp#27;[32mUser is on the DS Algo portal and click on the get started button&amp#27;[0m                                         &amp#27;[90m# stepdefinitions_DS.DS_Array_Steps.user_is_on_the_ds_algo_portal_and_click_on_the_get_started_button()&amp#27;[0m
  &amp#27;[32mThen &amp#27;[0m&amp#27;[32mUser clicks on the sign in link&amp#27;[0m                                                                            &amp#27;[90m# stepdefinitions_DS.DS_Array_Steps.user_clicks_on_the_sign_in_link()&amp#27;[0m
  &amp#27;[32mWhen &amp#27;[0m&amp#27;[32mUser is on the login page, user enters the valid email id and password&amp#27;[0m                                     &amp#27;[90m# stepdefinitions_DS.DS_Array_Steps.user_is_on_the_login_page_user_enters_the_valid_email_id_and_password()&amp#27;[0m
  &amp#27;[32mAnd &amp#27;[0m&amp#27;[32mUser clicks on the Tree Get started button and user is on the Tree page&amp#27;[0m                                     &amp#27;[90m# stepdefinitions_DS.DS_Trees_Steps.user_clicks_on_the_tree_get_started_button_and_user_is_on_the_tree_page()&amp#27;[0m
  &amp#27;[32mWhen &amp#27;[0m&amp#27;[32mUser clicks on the ImplementationofBST in Trees and user is in that page&amp#27;[0m                                   &amp#27;[90m# stepdefinitions_DS.DS_Trees_Steps.user_clicks_on_the_implementationof_bst_in_trees_and_user_is_in_that_page()&amp#27;[0m
  &amp#27;[32mAnd &amp#27;[0m&amp#27;[32mUser click on the try here button to go to try editor&amp#27;[0m                                                       &amp#27;[90m# stepdefinitions_DS.DS_Trees_Steps.user_click_on_the_try_here_button_to_go_to_try_editor()&amp#27;[0m
  &amp#27;[32mThen &amp#27;[0m&amp#27;[32mUser inputs the valid python code in the text editor box from the excel sheet sheet &amp#27;[0m&amp#27;[32m&amp#27;[1m"Data"&amp#27;[0m&amp#27;[32m and rownumber &amp#27;[0m&amp#27;[32m&amp#27;[1m3&amp#27;[0m &amp#27;[90m# stepdefinitions_DS.DS_Trees_Steps.user_inputs_the_valid_python_code_in_the_text_editor_box_from_the_excel_sheet_sheet_and_rownumber(java.lang.String,java.lang.Integer)&amp#27;[0m
The output is: The sum of 1.5 and 6.3 is 7.8
  &amp#27;[32mThen &amp#27;[0m&amp#27;[32mUser should get the correct output&amp#27;[0m                                                                         &amp#27;[90m# stepdefinitions_DS.DS_Array_Steps.user_should_get_the_correct_output()&amp#27;[0m
]]></system-out>
  </testcase>
</testsuite>